<?xml version="1.0" encoding="utf-8"?>
<TestRun id="b5690396-4d2b-49a7-861c-41f592bda5cb" name="erion@ENDRIT 2026-05-12 15:50:09" runUser="ENDRIT\erion" xmlns="http://microsoft.com/schemas/VisualStudio/TeamTest/2010">
  <Times creation="2026-05-12T15:50:09.1688694+02:00" queuing="2026-05-12T15:50:09.1688698+02:00" start="2026-05-12T15:50:05.0243425+02:00" finish="2026-05-12T15:50:30.0253645+02:00" />
  <TestSettings name="default" id="37626d33-0772-4b65-b61c-cbf0bd8263cd">
    <Deployment runDeploymentRoot="erion_ENDRIT_2026-05-12_15_50_09" />
  </TestSettings>
  <Results>
    <UnitTestResult executionId="30118e32-bcc1-47fc-81a4-01a7492926fd" testId="75f31730-a51d-5c5f-bd8a-48a001be4b55" testName="DineOS.Tests.Unit.ExceptionMiddlewareTests.InvokeAsync_NoException_CallsNextDelegate" computerName="ENDRIT" duration="00:00:00.0019687" startTime="2026-05-12T15:50:09.2707377+02:00" endTime="2026-05-12T15:50:09.2730719+02:00" testType="13cdc9d9-ddb5-4fa4-a97d-d965ccfc6d4b" outcome="Passed" testListId="8c84fa94-04c1-424b-9868-57a2d4851a1d" relativeResultsDirectory="30118e32-bcc1-47fc-81a4-01a7492926fd" />
    <UnitTestResult executionId="456526fe-1934-49c2-bbbe-8aea69ac8a2b" testId="1c4d8082-1c41-a94a-2533-cf239a856448" testName="DineOS.Tests.Integration.RbacAuthorizationTests.Manager_SuperAdminOnlyEndpoint_Returns403_WithStructuredError" computerName="ENDRIT" duration="00:00:00.0046908" startTime="2026-05-12T15:50:26.5169971+02:00" endTime="2026-05-12T15:50:26.5204020+02:00" testType="13cdc9d9-ddb5-4fa4-a97d-d965ccfc6d4b" outcome="Passed" testListId="8c84fa94-04c1-424b-9868-57a2d4851a1d" relativeResultsDirectory="456526fe-1934-49c2-bbbe-8aea69ac8a2b" />
    <UnitTestResult executionId="484da4ab-d388-4192-ba89-f564528c9b46" testId="9512a0e1-30ee-ea2c-0549-48ddc5b6b212" testName="DineOS.Tests.Unit.MenuServiceTests.UpdateMenuItemAsync_Success_InvalidatesCache" computerName="ENDRIT" duration="00:00:00.0264126" startTime="2026-05-12T15:50:10.9356333+02:00" endTime="2026-05-12T15:50:10.9611288+02:00" testType="13cdc9d9-ddb5-4fa4-a97d-d965ccfc6d4b" outcome="Passed" testListId="8c84fa94-04c1-424b-9868-57a2d4851a1d" relativeResultsDirectory="484da4ab-d388-4192-ba89-f564528c9b46" />
    <UnitTestResult executionId="2c4e8bc1-97d3-43a6-a244-431f04a40949" testId="bf7542f8-84f2-fb45-d321-a6b815a1242b" testName="DineOS.Tests.Integration.MenuItemImageUploadTests.UploadImage_NonExistentItem_Returns404" computerName="ENDRIT" duration="00:00:00.0097274" startTime="2026-05-12T15:50:27.4108241+02:00" endTime="2026-05-12T15:50:27.4191241+02:00" testType="13cdc9d9-ddb5-4fa4-a97d-d965ccfc6d4b" outcome="Passed" testListId="8c84fa94-04c1-424b-9868-57a2d4851a1d" relativeResultsDirectory="2c4e8bc1-97d3-43a6-a244-431f04a40949" />
    <UnitTestResult executionId="56ab54a2-47b1-4b69-a96a-3faa0634cf3c" testId="af533a6d-4d61-8345-0a59-5f535d00486e" testName="DineOS.Tests.Integration.MenuItemImageUploadTests.UploadImage_NoToken_Returns401" computerName="ENDRIT" duration="00:00:00.0046368" startTime="2026-05-12T15:50:27.3414671+02:00" endTime="2026-05-12T15:50:27.3453499+02:00" testType="13cdc9d9-ddb5-4fa4-a97d-d965ccfc6d4b" outcome="Passed" testListId="8c84fa94-04c1-424b-9868-57a2d4851a1d" relativeResultsDirectory="56ab54a2-47b1-4b69-a96a-3faa0634cf3c" />
    <UnitTestResult executionId="be6e6bea-f28c-4117-981b-83aba7a4f440" testId="882fc225-ea30-47be-6035-edc70475140b" testName="DineOS.Tests.Integration.RbacAuthorizationTests.Unauthenticated_AnyProtectedEndpoint_Returns401_WithStructuredError(path: &quot;/api/v1/orders&quot;)" computerName="ENDRIT" duration="00:00:00.0057488" startTime="2026-05-12T15:50:25.7755632+02:00" endTime="2026-05-12T15:50:25.7814637+02:00" testType="13cdc9d9-ddb5-4fa4-a97d-d965ccfc6d4b" outcome="Passed" testListId="8c84fa94-04c1-424b-9868-57a2d4851a1d" relativeResultsDirectory="be6e6bea-f28c-4117-981b-83aba7a4f440" />
    <UnitTestResult executionId="52ab6fc4-dc21-4a7e-ac71-02a4cd858c43" testId="f79c565e-174d-6e0d-b98b-fd997b935a76" testName="DineOS.Tests.Integration.AdminRestaurantsIntegrationTests.GetRestaurants_SuperAdmin_Returns200WithPagedList" computerName="ENDRIT" duration="00:00:00.0254750" startTime="2026-05-12T15:50:27.8874001+02:00" endTime="2026-05-12T15:50:27.9125031+02:00" testType="13cdc9d9-ddb5-4fa4-a97d-d965ccfc6d4b" outcome="Passed" testListId="8c84fa94-04c1-424b-9868-57a2d4851a1d" relativeResultsDirectory="52ab6fc4-dc21-4a7e-ac71-02a4cd858c43" />
    <UnitTestResult executionId="1a73b869-1991-46f1-b104-705a8f431df1" testId="d27f0f9f-f98f-88c1-9b93-a21ed306e97d" testName="DineOS.Tests.Integration.StaffIntegrationTests.StaffEndpoints_NoToken_Returns401(method: &quot;POST&quot;, path: &quot;/api/v1/staff&quot;)" computerName="ENDRIT" duration="00:00:00.0096101" startTime="2026-05-12T15:50:25.6696129+02:00" endTime="2026-05-12T15:50:25.6782155+02:00" testType="13cdc9d9-ddb5-4fa4-a97d-d965ccfc6d4b" outcome="Passed" testListId="8c84fa94-04c1-424b-9868-57a2d4851a1d" relativeResultsDirectory="1a73b869-1991-46f1-b104-705a8f431df1" />
    <UnitTestResult executionId="1120063a-16a8-4d4c-aa13-9c39e45876c4" testId="842a87c9-5722-f957-9bad-6fda31f7a3ba" testName="DineOS.Tests.Integration.PaymentsIntegrationTests.ProcessPayment_OrderCancelled_Returns422" computerName="ENDRIT" duration="00:00:00.0192261" startTime="2026-05-12T15:50:26.6127420+02:00" endTime="2026-05-12T15:50:26.6313289+02:00" testType="13cdc9d9-ddb5-4fa4-a97d-d965ccfc6d4b" outcome="Passed" testListId="8c84fa94-04c1-424b-9868-57a2d4851a1d" relativeResultsDirectory="1120063a-16a8-4d4c-aa13-9c39e45876c4" />
    <UnitTestResult executionId="06a9c22b-a36a-48f5-8da9-e6ec296d6cd1" testId="cf773a7f-4588-b340-3def-0a2fe640768c" testName="DineOS.Tests.Common.ResultNonGenericTests.Success_SetsIsSuccessTrue_WithNullError" computerName="ENDRIT" duration="00:00:00.0007309" startTime="2026-05-12T15:50:09.1520509+02:00" endTime="2026-05-12T15:50:09.1527024+02:00" testType="13cdc9d9-ddb5-4fa4-a97d-d965ccfc6d4b" outcome="Passed" testListId="8c84fa94-04c1-424b-9868-57a2d4851a1d" relativeResultsDirectory="06a9c22b-a36a-48f5-8da9-e6ec296d6cd1" />
    <UnitTestResult executionId="e29f6ea0-cf35-48ad-b848-afc0943a05cb" testId="d486145e-9337-f788-8c40-a4138d63e2d5" testName="DineOS.Tests.Unit.LocalFileStorageServiceTests.SaveAsync_ExtensionIsNormalisedToLowercase" computerName="ENDRIT" duration="00:00:00.0400191" startTime="2026-05-12T15:50:09.2413171+02:00" endTime="2026-05-12T15:50:09.2813683+02:00" testType="13cdc9d9-ddb5-4fa4-a97d-d965ccfc6d4b" outcome="Passed" testListId="8c84fa94-04c1-424b-9868-57a2d4851a1d" relativeResultsDirectory="e29f6ea0-cf35-48ad-b848-afc0943a05cb" />
    <UnitTestResult executionId="574a252e-4641-44ad-8ce4-ad804360378e" testId="b955de2c-2e2a-5106-a2cb-5ebce0063222" testName="DineOS.Tests.Unit.LocalFileStorageServiceTests.DeleteAsync_UrlWithWrongBasePath_ThrowsInvalidOperationException" computerName="ENDRIT" duration="00:00:00.0067076" startTime="2026-05-12T15:50:09.1625574+02:00" endTime="2026-05-12T15:50:09.1626648+02:00" testType="13cdc9d9-ddb5-4fa4-a97d-d965ccfc6d4b" outcome="Passed" testListId="8c84fa94-04c1-424b-9868-57a2d4851a1d" relativeResultsDirectory="574a252e-4641-44ad-8ce4-ad804360378e" />
    <UnitTestResult executionId="a327d07d-e8be-48c6-8d1d-995f4eba4c5b" testId="31b47aab-8f15-2dc9-de6d-d1ad9f6bac50" testName="DineOS.Tests.Common.ApiResponseTests.Ok_WithMessage_SetsMessage" computerName="ENDRIT" duration="00:00:00.0002637" startTime="2026-05-12T15:50:09.1395958+02:00" endTime="2026-05-12T15:50:09.1407735+02:00" testType="13cdc9d9-ddb5-4fa4-a97d-d965ccfc6d4b" outcome="Passed" testListId="8c84fa94-04c1-424b-9868-57a2d4851a1d" relativeResultsDirectory="a327d07d-e8be-48c6-8d1d-995f4eba4c5b" />
    <UnitTestResult executionId="cf1ee034-071b-406a-b810-7be2cccfa5ec" testId="94d588d4-e03f-2712-9987-dd78dfd9e694" testName="DineOS.Tests.Integration.StaffIntegrationTests.PutStaff_NonExistentId_Returns404" computerName="ENDRIT" duration="00:00:00.0105153" startTime="2026-05-12T15:50:25.7074517+02:00" endTime="2026-05-12T15:50:25.7172125+02:00" testType="13cdc9d9-ddb5-4fa4-a97d-d965ccfc6d4b" outcome="Passed" testListId="8c84fa94-04c1-424b-9868-57a2d4851a1d" relativeResultsDirectory="cf1ee034-071b-406a-b810-7be2cccfa5ec" />
    <UnitTestResult executionId="e2f6043f-b401-48bb-bef3-7a0a05f06805" testId="4b0c6aac-2ea0-7e26-fe75-64dac40d79ca" testName="DineOS.Tests.Unit.TenantIsolationMiddlewareTests.InvokeAsync_RouteValueMatchesJwt_CallsNext" computerName="ENDRIT" duration="00:00:00.0036555" startTime="2026-05-12T15:50:09.2911813+02:00" endTime="2026-05-12T15:50:09.2928219+02:00" testType="13cdc9d9-ddb5-4fa4-a97d-d965ccfc6d4b" outcome="Passed" testListId="8c84fa94-04c1-424b-9868-57a2d4851a1d" relativeResultsDirectory="e2f6043f-b401-48bb-bef3-7a0a05f06805" />
    <UnitTestResult executionId="66602327-1a19-4ab6-a704-0c2d08f3554e" testId="28788606-8760-37e2-5c08-0190c1495eea" testName="DineOS.Tests.Integration.AdminRestaurantsIntegrationTests.PostRestaurant_MissingName_Returns400" computerName="ENDRIT" duration="00:00:00.0079931" startTime="2026-05-12T15:50:27.9290453+02:00" endTime="2026-05-12T15:50:27.9366990+02:00" testType="13cdc9d9-ddb5-4fa4-a97d-d965ccfc6d4b" outcome="Passed" testListId="8c84fa94-04c1-424b-9868-57a2d4851a1d" relativeResultsDirectory="66602327-1a19-4ab6-a704-0c2d08f3554e" />
    <UnitTestResult executionId="74924184-5313-423e-b36f-1834fa001609" testId="1235791d-a3ca-e0ae-6a3b-a3b92eea0b98" testName="DineOS.Tests.Unit.LocalFileStorageServiceTests.SaveAsync_FileIsWrittenUnderRootSubfolder_WithCorrectContent" computerName="ENDRIT" duration="00:00:00.0765112" startTime="2026-05-12T15:50:09.0581883+02:00" endTime="2026-05-12T15:50:09.1584807+02:00" testType="13cdc9d9-ddb5-4fa4-a97d-d965ccfc6d4b" outcome="Passed" testListId="8c84fa94-04c1-424b-9868-57a2d4851a1d" relativeResultsDirectory="74924184-5313-423e-b36f-1834fa001609" />
    <UnitTestResult executionId="d5541cac-71db-4a5c-9524-4f942f090dca" testId="0e9d9802-27df-8315-d1fa-4cdd6896babd" testName="DineOS.Tests.Integration.ApiIntegrationTests.GetMe_NoToken_Returns401" computerName="ENDRIT" duration="00:00:00.0037980" startTime="2026-05-12T15:50:27.4952045+02:00" endTime="2026-05-12T15:50:27.4983969+02:00" testType="13cdc9d9-ddb5-4fa4-a97d-d965ccfc6d4b" outcome="Passed" testListId="8c84fa94-04c1-424b-9868-57a2d4851a1d" relativeResultsDirectory="d5541cac-71db-4a5c-9524-4f942f090dca" />
    <UnitTestResult executionId="35989c4b-7731-427a-87ed-5bf8ab8b7dcc" testId="58a892d2-6324-f3f1-6064-f630ba5ccded" testName="DineOS.Tests.Integration.PaymentsIntegrationTests.PaymentEndpoints_NoToken_Returns401(method: &quot;GET&quot;, path: &quot;/api/v1/payments/open-orders&quot;)" computerName="ENDRIT" duration="00:00:00.0029585" startTime="2026-05-12T15:50:26.7864331+02:00" endTime="2026-05-12T15:50:26.7881307+02:00" testType="13cdc9d9-ddb5-4fa4-a97d-d965ccfc6d4b" outcome="Passed" testListId="8c84fa94-04c1-424b-9868-57a2d4851a1d" relativeResultsDirectory="35989c4b-7731-427a-87ed-5bf8ab8b7dcc" />
    <UnitTestResult executionId="3bb55fb2-107a-4484-93f1-8dacfb2cf710" testId="b15bc030-4695-3421-d88b-fed538e87cc5" testName="DineOS.Tests.Common.ApiResponseTests.Fail_SetsSuccessFalse" computerName="ENDRIT" duration="00:00:00.0274496" startTime="2026-05-12T15:50:09.0582262+02:00" endTime="2026-05-12T15:50:09.0726982+02:00" testType="13cdc9d9-ddb5-4fa4-a97d-d965ccfc6d4b" outcome="Passed" testListId="8c84fa94-04c1-424b-9868-57a2d4851a1d" relativeResultsDirectory="3bb55fb2-107a-4484-93f1-8dacfb2cf710" />
    <UnitTestResult executionId="03e58c74-25b2-4e30-9ea8-0ae2b0bdf2c4" testId="a5cf31b6-3a60-eb6c-8f0a-fca4d7899cd7" testName="DineOS.Tests.Integration.MenuItemImageUploadTests.UploadImage_ValidPng_Returns200_AndPersistsImageUrl" computerName="ENDRIT" duration="00:00:00.1844834" startTime="2026-05-12T15:50:26.9806037+02:00" endTime="2026-05-12T15:50:27.1649221+02:00" testType="13cdc9d9-ddb5-4fa4-a97d-d965ccfc6d4b" outcome="Passed" testListId="8c84fa94-04c1-424b-9868-57a2d4851a1d" relativeResultsDirectory="03e58c74-25b2-4e30-9ea8-0ae2b0bdf2c4" />
    <UnitTestResult executionId="1984d61e-cf10-4ec5-a333-a042941c8de1" testId="11148292-8295-1346-a173-fc3723ecddba" testName="DineOS.Tests.Unit.TenantIsolationMiddlewareTests.InvokeAsync_MissingTenantIdClaim_Returns403" computerName="ENDRIT" duration="00:00:00.0016122" startTime="2026-05-12T15:50:09.2763764+02:00" endTime="2026-05-12T15:50:09.2764642+02:00" testType="13cdc9d9-ddb5-4fa4-a97d-d965ccfc6d4b" outcome="Passed" testListId="8c84fa94-04c1-424b-9868-57a2d4851a1d" relativeResultsDirectory="1984d61e-cf10-4ec5-a333-a042941c8de1" />
    <UnitTestResult executionId="9b9d50e4-46ff-4e44-b7a6-a417181f596c" testId="efb54990-e76c-7dcf-5cdb-15724788ad84" testName="DineOS.Tests.Integration.PaymentsIntegrationTests.GetOpenOrders_Cashier_Returns200_WithOpenOrder" computerName="ENDRIT" duration="00:00:00.0650112" startTime="2026-05-12T15:50:26.7895101+02:00" endTime="2026-05-12T15:50:26.8540547+02:00" testType="13cdc9d9-ddb5-4fa4-a97d-d965ccfc6d4b" outcome="Passed" testListId="8c84fa94-04c1-424b-9868-57a2d4851a1d" relativeResultsDirectory="9b9d50e4-46ff-4e44-b7a6-a417181f596c" />
    <UnitTestResult executionId="608fe004-39e2-4a7e-a908-35047128238c" testId="cdd6dfc0-d740-6324-d440-eae561744941" testName="DineOS.Tests.Unit.KeycloakOptionsTests.GetBackchannelTokenEndpoint_UsesInternalAuthServerWhenConfigured" computerName="ENDRIT" duration="00:00:00.0026216" startTime="2026-05-12T15:50:09.2220672+02:00" endTime="2026-05-12T15:50:09.2253392+02:00" testType="13cdc9d9-ddb5-4fa4-a97d-d965ccfc6d4b" outcome="Passed" testListId="8c84fa94-04c1-424b-9868-57a2d4851a1d" relativeResultsDirectory="608fe004-39e2-4a7e-a908-35047128238c" />
    <UnitTestResult executionId="01edfe72-fb18-4b69-ad90-eadd5ee899e4" testId="c672970c-6292-3ea7-1f39-d82939bf1e63" testName="DineOS.Tests.Integration.PaymentsIntegrationTests.ProcessPayment_InvalidMethod_Returns400" computerName="ENDRIT" duration="00:00:00.0468448" startTime="2026-05-12T15:50:26.5220540+02:00" endTime="2026-05-12T15:50:26.5684447+02:00" testType="13cdc9d9-ddb5-4fa4-a97d-d965ccfc6d4b" outcome="Passed" testListId="8c84fa94-04c1-424b-9868-57a2d4851a1d" relativeResultsDirectory="01edfe72-fb18-4b69-ad90-eadd5ee899e4" />
    <UnitTestResult executionId="e21185ae-d9bf-45b4-9288-2927d9aa0832" testId="2a3b57c5-6e0a-d00b-a25e-f3d17688c085" testName="DineOS.Tests.Integration.AuthErrorResponseTests.GetSuperAdminEndpoint_ManagerRole_Returns403_WithStructuredJson" computerName="ENDRIT" duration="00:00:00.0049470" startTime="2026-05-12T15:50:27.4305896+02:00" endTime="2026-05-12T15:50:27.4350509+02:00" testType="13cdc9d9-ddb5-4fa4-a97d-d965ccfc6d4b" outcome="Passed" testListId="8c84fa94-04c1-424b-9868-57a2d4851a1d" relativeResultsDirectory="e21185ae-d9bf-45b4-9288-2927d9aa0832" />
    <UnitTestResult executionId="87de7f72-a2ba-43b8-a2a3-b57a667fb322" testId="116d2ea0-3026-2e3f-840b-ecab9f64c7dc" testName="DineOS.Tests.Common.ApiResponseNonGenericTests.Fail_WithErrors_SetsErrors" computerName="ENDRIT" duration="00:00:00.0034134" startTime="2026-05-12T15:50:09.1407406+02:00" endTime="2026-05-12T15:50:09.1430688+02:00" testType="13cdc9d9-ddb5-4fa4-a97d-d965ccfc6d4b" outcome="Passed" testListId="8c84fa94-04c1-424b-9868-57a2d4851a1d" relativeResultsDirectory="87de7f72-a2ba-43b8-a2a3-b57a667fb322" />
    <UnitTestResult executionId="f756a056-eed1-4d57-8853-4e8faf1e8972" testId="d37f818d-3edc-521c-d4a6-63ef696c62c2" testName="DineOS.Tests.Integration.MenuItemImageUploadTests.UploadImage_CashierRole_Returns403" computerName="ENDRIT" duration="00:00:00.0097426" startTime="2026-05-12T15:50:27.4048755+02:00" endTime="2026-05-12T15:50:27.4086217+02:00" testType="13cdc9d9-ddb5-4fa4-a97d-d965ccfc6d4b" outcome="Passed" testListId="8c84fa94-04c1-424b-9868-57a2d4851a1d" relativeResultsDirectory="f756a056-eed1-4d57-8853-4e8faf1e8972" />
    <UnitTestResult executionId="7b1debfa-3404-4f57-8c0f-b7eb4236fde6" testId="ac08a57f-ef56-c9ba-0295-e6ec85924f68" testName="DineOS.Tests.Unit.TenantIsolationMiddlewareTests.InvokeAsync_Forbidden_ResponseBodyIsValidJson" computerName="ENDRIT" duration="00:00:00.0096735" startTime="2026-05-12T15:50:09.2775013+02:00" endTime="2026-05-12T15:50:09.2856301+02:00" testType="13cdc9d9-ddb5-4fa4-a97d-d965ccfc6d4b" outcome="Passed" testListId="8c84fa94-04c1-424b-9868-57a2d4851a1d" relativeResultsDirectory="7b1debfa-3404-4f57-8c0f-b7eb4236fde6" />
    <UnitTestResult executionId="c1939f52-30fb-4599-b4f8-a51560219061" testId="c4c88249-e5dc-5cb3-c3be-fbff246eacde" testName="DineOS.Tests.Integration.RbacAuthorizationTests.Unauthenticated_AnyProtectedEndpoint_Returns401_WithStructuredError(path: &quot;/api/v1/me&quot;)" computerName="ENDRIT" duration="00:00:00.0035409" startTime="2026-05-12T15:50:25.7875443+02:00" endTime="2026-05-12T15:50:25.7901994+02:00" testType="13cdc9d9-ddb5-4fa4-a97d-d965ccfc6d4b" outcome="Passed" testListId="8c84fa94-04c1-424b-9868-57a2d4851a1d" relativeResultsDirectory="c1939f52-30fb-4599-b4f8-a51560219061" />
    <UnitTestResult executionId="4466cf0f-83b0-4c9d-a233-360a634f3e29" testId="cee327c9-c4d8-0bfe-6e2a-93fc2eb317ed" testName="DineOS.Tests.Integration.PaymentsIntegrationTests.GetOpenOrders_EmptyTenant_Returns200_EmptyList" computerName="ENDRIT" duration="00:00:00.0110402" startTime="2026-05-12T15:50:26.9162041+02:00" endTime="2026-05-12T15:50:26.9262323+02:00" testType="13cdc9d9-ddb5-4fa4-a97d-d965ccfc6d4b" outcome="Passed" testListId="8c84fa94-04c1-424b-9868-57a2d4851a1d" relativeResultsDirectory="4466cf0f-83b0-4c9d-a233-360a634f3e29" />
    <UnitTestResult executionId="f04bca6b-5019-4d88-84c8-42de079a8ed5" testId="819fa633-6655-93de-76ee-3ecb294d7cca" testName="DineOS.Tests.Unit.KeycloakRolesTransformationTests.TransformAsync_NoRealmAccessClaim_ReturnsPrincipalUnchanged" computerName="ENDRIT" duration="00:00:00.0015423" startTime="2026-05-12T15:50:09.1510754+02:00" endTime="2026-05-12T15:50:09.1521326+02:00" testType="13cdc9d9-ddb5-4fa4-a97d-d965ccfc6d4b" outcome="Passed" testListId="8c84fa94-04c1-424b-9868-57a2d4851a1d" relativeResultsDirectory="f04bca6b-5019-4d88-84c8-42de079a8ed5" />
    <UnitTestResult executionId="03b8e81d-02a4-4468-87b1-c1469d7d1ec4" testId="92a525f7-6e3f-696d-64d7-e7909cf5590c" testName="DineOS.Tests.Unit.StaffServiceTests.CreateStaffAsync_ValidationFails_ReturnsValidationFailed" computerName="ENDRIT" duration="00:00:00.0078048" startTime="2026-05-12T15:50:10.9316924+02:00" endTime="2026-05-12T15:50:10.9370608+02:00" testType="13cdc9d9-ddb5-4fa4-a97d-d965ccfc6d4b" outcome="Passed" testListId="8c84fa94-04c1-424b-9868-57a2d4851a1d" relativeResultsDirectory="03b8e81d-02a4-4468-87b1-c1469d7d1ec4" />
    <UnitTestResult executionId="d342129e-5895-4fd7-80b1-9d5145426b6e" testId="ac71eeec-a134-6c81-a796-190a429b2466" testName="DineOS.Tests.Unit.StaffServiceTests.UpdateStaffAsync_MissingId_ReturnsNotFound" computerName="ENDRIT" duration="00:00:01.9314206" startTime="2026-05-12T15:50:09.1429949+02:00" endTime="2026-05-12T15:50:10.9307523+02:00" testType="13cdc9d9-ddb5-4fa4-a97d-d965ccfc6d4b" outcome="Passed" testListId="8c84fa94-04c1-424b-9868-57a2d4851a1d" relativeResultsDirectory="d342129e-5895-4fd7-80b1-9d5145426b6e" />
    <UnitTestResult executionId="41feb5e4-d0f2-4ff4-88bc-34ce7eed6ca3" testId="4ff74eff-4572-a8e6-ed7b-bf8ee236a443" testName="DineOS.Tests.Integration.RbacAuthorizationTests.KitchenStaff_OtherRoleEndpoints_Returns403(method: &quot;GET&quot;, path: &quot;/api/v1/admin/users&quot;)" computerName="ENDRIT" duration="00:00:00.0039020" startTime="2026-05-12T15:50:26.3538193+02:00" endTime="2026-05-12T15:50:26.3567950+02:00" testType="13cdc9d9-ddb5-4fa4-a97d-d965ccfc6d4b" outcome="Passed" testListId="8c84fa94-04c1-424b-9868-57a2d4851a1d" relativeResultsDirectory="41feb5e4-d0f2-4ff4-88bc-34ce7eed6ca3" />
    <UnitTestResult executionId="ba4fba8a-d2c5-471b-b837-48110695a0a2" testId="58f9af67-029c-388b-a850-8bc63f843b92" testName="DineOS.Tests.Unit.TokenBlacklistServiceTests.IsBlacklistedAsync_KeyExists_ReturnsTrue" computerName="ENDRIT" duration="00:00:00.0085495" startTime="2026-05-12T15:50:09.5023781+02:00" endTime="2026-05-12T15:50:09.5096590+02:00" testType="13cdc9d9-ddb5-4fa4-a97d-d965ccfc6d4b" outcome="Passed" testListId="8c84fa94-04c1-424b-9868-57a2d4851a1d" relativeResultsDirectory="ba4fba8a-d2c5-471b-b837-48110695a0a2" />
    <UnitTestResult executionId="846be82b-389e-498c-9deb-c4a6ceca63f6" testId="1c35e02e-8015-099c-9e66-ba0e75326226" testName="DineOS.Tests.Common.ApiResponseTests.Ok_SetsSuccessTrue" computerName="ENDRIT" duration="00:00:00.0005074" startTime="2026-05-12T15:50:09.1213065+02:00" endTime="2026-05-12T15:50:09.1384693+02:00" testType="13cdc9d9-ddb5-4fa4-a97d-d965ccfc6d4b" outcome="Passed" testListId="8c84fa94-04c1-424b-9868-57a2d4851a1d" relativeResultsDirectory="846be82b-389e-498c-9deb-c4a6ceca63f6" />
    <UnitTestResult executionId="8121aa7b-e566-4d75-b4de-61e3b0c68097" testId="c1f8b7bd-273b-fc7d-d1e0-68ba74452f60" testName="DineOS.Tests.Unit.HttpContextTenantServiceTests.TenantId_HttpContextIsNull_ReturnsNull" computerName="ENDRIT" duration="00:00:00.0008200" startTime="2026-05-12T15:50:09.2035857+02:00" endTime="2026-05-12T15:50:09.2037582+02:00" testType="13cdc9d9-ddb5-4fa4-a97d-d965ccfc6d4b" outcome="Passed" testListId="8c84fa94-04c1-424b-9868-57a2d4851a1d" relativeResultsDirectory="8121aa7b-e566-4d75-b4de-61e3b0c68097" />
    <UnitTestResult executionId="566b9b58-c748-4c42-9afe-60e640beb7ff" testId="87fbe128-4d4f-586e-15d0-1c276200a1f1" testName="DineOS.Tests.Unit.HealthControllerTests.Get_ReturnsOk_WithHealthStatusFromService" computerName="ENDRIT" duration="00:00:00.0129666" startTime="2026-05-12T15:50:09.2185084+02:00" endTime="2026-05-12T15:50:09.2203038+02:00" testType="13cdc9d9-ddb5-4fa4-a97d-d965ccfc6d4b" outcome="Passed" testListId="8c84fa94-04c1-424b-9868-57a2d4851a1d" relativeResultsDirectory="566b9b58-c748-4c42-9afe-60e640beb7ff" />
    <UnitTestResult executionId="99cef708-2da2-4854-a9fd-13588915da7c" testId="c38113b0-e08f-abe2-f9e5-a0983009e928" testName="DineOS.Tests.Integration.RbacAuthorizationTests.KitchenStaff_KitchenOrders_Returns200" computerName="ENDRIT" duration="00:00:00.2540461" startTime="2026-05-12T15:50:25.8040328+02:00" endTime="2026-05-12T15:50:26.0575281+02:00" testType="13cdc9d9-ddb5-4fa4-a97d-d965ccfc6d4b" outcome="Passed" testListId="8c84fa94-04c1-424b-9868-57a2d4851a1d" relativeResultsDirectory="99cef708-2da2-4854-a9fd-13588915da7c" />
    <UnitTestResult executionId="23e53dd6-9813-4cea-add5-0ac6f01d5682" testId="2995499b-4aa5-adcf-8adc-88947b05c0bd" testName="DineOS.Tests.Integration.RbacAuthorizationTests.SuperAdmin_AdminEndpoint_Returns200" computerName="ENDRIT" duration="00:00:00.1439479" startTime="2026-05-12T15:50:26.3728663+02:00" endTime="2026-05-12T15:50:26.5085229+02:00" testType="13cdc9d9-ddb5-4fa4-a97d-d965ccfc6d4b" outcome="Passed" testListId="8c84fa94-04c1-424b-9868-57a2d4851a1d" relativeResultsDirectory="23e53dd6-9813-4cea-add5-0ac6f01d5682" />
    <UnitTestResult executionId="60ab70c6-99b9-45ff-8a01-63d9c98900e8" testId="dd687815-4609-fc6c-cadc-fd0a5ab804f7" testName="DineOS.Tests.Unit.KeycloakAuthServiceTests.LoginAsync_WithValidCredentials_ReturnsTokenPairAndUsesPasswordGrant" computerName="ENDRIT" duration="00:00:00.0272559" startTime="2026-05-12T15:50:09.3158791+02:00" endTime="2026-05-12T15:50:09.3424538+02:00" testType="13cdc9d9-ddb5-4fa4-a97d-d965ccfc6d4b" outcome="Passed" testListId="8c84fa94-04c1-424b-9868-57a2d4851a1d" relativeResultsDirectory="60ab70c6-99b9-45ff-8a01-63d9c98900e8" />
    <UnitTestResult executionId="0493f18d-1aa8-4305-befa-1879c6d2f206" testId="4c9db84c-11fa-4a89-81a3-5f5148c9adf7" testName="DineOS.Tests.Integration.AdminRestaurantsIntegrationTests.PostRestaurant_InvalidEmail_Returns400" computerName="ENDRIT" duration="00:00:00.0065854" startTime="2026-05-12T15:50:27.8450847+02:00" endTime="2026-05-12T15:50:27.8509877+02:00" testType="13cdc9d9-ddb5-4fa4-a97d-d965ccfc6d4b" outcome="Passed" testListId="8c84fa94-04c1-424b-9868-57a2d4851a1d" relativeResultsDirectory="0493f18d-1aa8-4305-befa-1879c6d2f206" />
    <UnitTestResult executionId="8bc65490-8551-4a45-98b2-6ad4fd7aa26c" testId="91ecf25c-ac3c-f322-822a-818227254ee8" testName="DineOS.Tests.Unit.HttpContextTenantServiceTests.TenantId_ItemsKeyMissing_ReturnsNull" computerName="ENDRIT" duration="00:00:00.2365743" startTime="2026-05-12T15:50:09.0582894+02:00" endTime="2026-05-12T15:50:09.1902907+02:00" testType="13cdc9d9-ddb5-4fa4-a97d-d965ccfc6d4b" outcome="Passed" testListId="8c84fa94-04c1-424b-9868-57a2d4851a1d" relativeResultsDirectory="8bc65490-8551-4a45-98b2-6ad4fd7aa26c" />
    <UnitTestResult executionId="2b615a44-e0b4-4c6a-b0e6-086d3597ba97" testId="4adbd36a-c94c-e536-85cc-af50e9084314" testName="DineOS.Tests.Unit.KeycloakAuthServiceTests.LogoutAsync_BlacklistsTokenAndCallsRevocationEndpoint" computerName="ENDRIT" duration="00:00:00.0093164" startTime="2026-05-12T15:50:09.3490508+02:00" endTime="2026-05-12T15:50:09.3567471+02:00" testType="13cdc9d9-ddb5-4fa4-a97d-d965ccfc6d4b" outcome="Passed" testListId="8c84fa94-04c1-424b-9868-57a2d4851a1d" relativeResultsDirectory="2b615a44-e0b4-4c6a-b0e6-086d3597ba97" />
    <UnitTestResult executionId="db9a3cb8-30ae-444f-938e-a4c49d603b4b" testId="a7ecafa1-97b9-2b04-337e-80aa4e14a7a9" testName="DineOS.Tests.Unit.GenericRepositoryTests.GetByIdAsync_ExistingId_ReturnsEntity" computerName="ENDRIT" duration="00:00:00.0021671" startTime="2026-05-12T15:50:11.0164976+02:00" endTime="2026-05-12T15:50:11.0175301+02:00" testType="13cdc9d9-ddb5-4fa4-a97d-d965ccfc6d4b" outcome="Passed" testListId="8c84fa94-04c1-424b-9868-57a2d4851a1d" relativeResultsDirectory="db9a3cb8-30ae-444f-938e-a4c49d603b4b" />
    <UnitTestResult executionId="b3c7c72e-35f0-4c59-aa00-69577acdd375" testId="8ea61a13-a5b6-d7b3-4636-b49a20820ec8" testName="DineOS.Tests.Common.ApiResponseNonGenericTests.Ok_NoMessage_SetsSuccessTrue" computerName="ENDRIT" duration="00:00:00.0004232" startTime="2026-05-12T15:50:09.1439999+02:00" endTime="2026-05-12T15:50:09.1440716+02:00" testType="13cdc9d9-ddb5-4fa4-a97d-d965ccfc6d4b" outcome="Passed" testListId="8c84fa94-04c1-424b-9868-57a2d4851a1d" relativeResultsDirectory="b3c7c72e-35f0-4c59-aa00-69577acdd375" />
    <UnitTestResult executionId="6b397319-ca9a-448a-acea-e186d47e90e6" testId="2d2073e1-a7e6-d203-b45f-e82d747bd9e1" testName="DineOS.Tests.Unit.GenericRepositoryTests.UpdateAsync_PersistsChanges" computerName="ENDRIT" duration="00:00:00.0036801" startTime="2026-05-12T15:50:10.9676890+02:00" endTime="2026-05-12T15:50:10.9705696+02:00" testType="13cdc9d9-ddb5-4fa4-a97d-d965ccfc6d4b" outcome="Passed" testListId="8c84fa94-04c1-424b-9868-57a2d4851a1d" relativeResultsDirectory="6b397319-ca9a-448a-acea-e186d47e90e6" />
    <UnitTestResult executionId="4e59d1ed-feac-473e-ade0-10284f6b428e" testId="f7697130-e427-ffb9-aacf-bfbde9c5d6d7" testName="DineOS.Tests.Integration.AdminRestaurantsIntegrationTests.PatchPlan_NonExistentId_Returns404" computerName="ENDRIT" duration="00:00:00.0106364" startTime="2026-05-12T15:50:27.8587763+02:00" endTime="2026-05-12T15:50:27.8689009+02:00" testType="13cdc9d9-ddb5-4fa4-a97d-d965ccfc6d4b" outcome="Passed" testListId="8c84fa94-04c1-424b-9868-57a2d4851a1d" relativeResultsDirectory="4e59d1ed-feac-473e-ade0-10284f6b428e" />
    <UnitTestResult executionId="bbd4021a-48e4-41ae-b18b-28a68adf1621" testId="ffa2cd3b-7435-6bf1-e191-34f2536cd901" testName="DineOS.Tests.Unit.LocalFileStorageServiceTests.DeleteAsync_NonExistentFile_DoesNotThrow" computerName="ENDRIT" duration="00:00:00.0045731" startTime="2026-05-12T15:50:09.1638412+02:00" endTime="2026-05-12T15:50:09.1639598+02:00" testType="13cdc9d9-ddb5-4fa4-a97d-d965ccfc6d4b" outcome="Passed" testListId="8c84fa94-04c1-424b-9868-57a2d4851a1d" relativeResultsDirectory="bbd4021a-48e4-41ae-b18b-28a68adf1621" />
    <UnitTestResult executionId="8b54b6eb-1b0f-4dc0-9bc6-0d3f4e099349" testId="32e79d68-fcbf-a2cc-396f-b0d51c004b25" testName="DineOS.Tests.Integration.PaymentsIntegrationTests.ProcessPayment_OrderNotFound_Returns404" computerName="ENDRIT" duration="00:00:00.0098886" startTime="2026-05-12T15:50:26.9699236+02:00" endTime="2026-05-12T15:50:26.9793200+02:00" testType="13cdc9d9-ddb5-4fa4-a97d-d965ccfc6d4b" outcome="Passed" testListId="8c84fa94-04c1-424b-9868-57a2d4851a1d" relativeResultsDirectory="8b54b6eb-1b0f-4dc0-9bc6-0d3f4e099349" />
    <UnitTestResult executionId="7adb4160-b897-4ccf-935b-3ec3d5190fff" testId="4a729cfe-349b-6d26-3d3e-4b67245c5c8c" testName="DineOS.Tests.Integration.AdminRestaurantsIntegrationTests.GetRestaurants_NonExistentSearch_ReturnsEmptyList" computerName="ENDRIT" duration="00:00:00.0154103" startTime="2026-05-12T15:50:27.9501170+02:00" endTime="2026-05-12T15:50:27.9652303+02:00" testType="13cdc9d9-ddb5-4fa4-a97d-d965ccfc6d4b" outcome="Passed" testListId="8c84fa94-04c1-424b-9868-57a2d4851a1d" relativeResultsDirectory="7adb4160-b897-4ccf-935b-3ec3d5190fff" />
    <UnitTestResult executionId="70f692fc-de72-4b3f-a7c6-cf8b52fde24c" testId="e39fa65d-f38e-c8d9-8acb-937abfe29bae" testName="DineOS.Tests.Integration.PaymentsIntegrationTests.TenantIsolation_CrossTenantOrder_Returns404" computerName="ENDRIT" duration="00:00:00.0159934" startTime="2026-05-12T15:50:26.7638079+02:00" endTime="2026-05-12T15:50:26.7796177+02:00" testType="13cdc9d9-ddb5-4fa4-a97d-d965ccfc6d4b" outcome="Passed" testListId="8c84fa94-04c1-424b-9868-57a2d4851a1d" relativeResultsDirectory="70f692fc-de72-4b3f-a7c6-cf8b52fde24c" />
    <UnitTestResult executionId="835b745a-3c1a-4552-88a5-6acf6ac5e674" testId="a9ab4f91-1b5f-cf42-6f40-57665718a2e8" testName="DineOS.Tests.Integration.PaymentsIntegrationTests.ProcessPayment_ZeroAmount_Returns400" computerName="ENDRIT" duration="00:00:00.0085990" startTime="2026-05-12T15:50:26.9280162+02:00" endTime="2026-05-12T15:50:26.9356186+02:00" testType="13cdc9d9-ddb5-4fa4-a97d-d965ccfc6d4b" outcome="Passed" testListId="8c84fa94-04c1-424b-9868-57a2d4851a1d" relativeResultsDirectory="835b745a-3c1a-4552-88a5-6acf6ac5e674" />
    <UnitTestResult executionId="045bc4dd-3237-4c40-b0cb-70c1e6267ace" testId="ceb4d5a0-b774-9fa0-c38b-120d97f940c9" testName="DineOS.Tests.Unit.MenuServiceTests.CreateMenuItemAsync_Success_InvalidatesCache" computerName="ENDRIT" duration="00:00:01.7917860" startTime="2026-05-12T15:50:09.1537919+02:00" endTime="2026-05-12T15:50:10.7963615+02:00" testType="13cdc9d9-ddb5-4fa4-a97d-d965ccfc6d4b" outcome="Passed" testListId="8c84fa94-04c1-424b-9868-57a2d4851a1d" relativeResultsDirectory="045bc4dd-3237-4c40-b0cb-70c1e6267ace" />
    <UnitTestResult executionId="56a2a506-573d-48d8-a834-6c9ed9a63d3e" testId="752928ff-22a6-1e4c-e058-b5935bb7c405" testName="DineOS.Tests.Unit.GenericRepositoryTests.DeleteAsync_SetsDeletedAtAndDeletedBy" computerName="ENDRIT" duration="00:00:00.0261462" startTime="2026-05-12T15:50:10.9738399+02:00" endTime="2026-05-12T15:50:10.9968126+02:00" testType="13cdc9d9-ddb5-4fa4-a97d-d965ccfc6d4b" outcome="Passed" testListId="8c84fa94-04c1-424b-9868-57a2d4851a1d" relativeResultsDirectory="56a2a506-573d-48d8-a834-6c9ed9a63d3e" />
    <UnitTestResult executionId="2b3e7bfd-5858-41a1-beca-6eea2127057f" testId="0a0915a1-190e-fd1b-47c0-b8a545c9f7c9" testName="DineOS.Tests.Integration.AdminRestaurantsIntegrationTests.PatchStatus_InvalidStatus_Returns400" computerName="ENDRIT" duration="00:00:00.0215267" startTime="2026-05-12T15:50:27.6203104+02:00" endTime="2026-05-12T15:50:27.6413175+02:00" testType="13cdc9d9-ddb5-4fa4-a97d-d965ccfc6d4b" outcome="Passed" testListId="8c84fa94-04c1-424b-9868-57a2d4851a1d" relativeResultsDirectory="2b3e7bfd-5858-41a1-beca-6eea2127057f" />
    <UnitTestResult executionId="6267c7cc-97b9-4b7a-a446-824c1aed7701" testId="4184ba1d-13db-e638-2a5d-4de5222b1945" testName="DineOS.Tests.Unit.TenantIsolationMiddlewareTests.InvokeAsync_NonNumericHeader_Returns403" computerName="ENDRIT" duration="00:00:00.0023627" startTime="2026-05-12T15:50:09.2730203+02:00" endTime="2026-05-12T15:50:09.2752093+02:00" testType="13cdc9d9-ddb5-4fa4-a97d-d965ccfc6d4b" outcome="Passed" testListId="8c84fa94-04c1-424b-9868-57a2d4851a1d" relativeResultsDirectory="6267c7cc-97b9-4b7a-a446-824c1aed7701" />
    <UnitTestResult executionId="2753f280-4d0d-48b0-b675-9dbf17d2861f" testId="b2768e8c-afc2-89e7-8c9c-1b55fbebba7e" testName="DineOS.Tests.Integration.StaffIntegrationTests.GetStaff_AuthenticatedManager_Returns200_WithEmptyList" computerName="ENDRIT" duration="00:00:00.0105959" startTime="2026-05-12T15:50:25.6971487+02:00" endTime="2026-05-12T15:50:25.7058817+02:00" testType="13cdc9d9-ddb5-4fa4-a97d-d965ccfc6d4b" outcome="Passed" testListId="8c84fa94-04c1-424b-9868-57a2d4851a1d" relativeResultsDirectory="2753f280-4d0d-48b0-b675-9dbf17d2861f" />
    <UnitTestResult executionId="b87fcb65-bbb4-4cb0-8875-aa270b1a1c11" testId="d63bbe58-6cc8-7212-f950-30d82a186604" testName="DineOS.Tests.Integration.PaymentsIntegrationTests.ProcessPayment_AmountMismatch_Returns422" computerName="ENDRIT" duration="00:00:00.0421268" startTime="2026-05-12T15:50:26.5701126+02:00" endTime="2026-05-12T15:50:26.6113719+02:00" testType="13cdc9d9-ddb5-4fa4-a97d-d965ccfc6d4b" outcome="Passed" testListId="8c84fa94-04c1-424b-9868-57a2d4851a1d" relativeResultsDirectory="b87fcb65-bbb4-4cb0-8875-aa270b1a1c11" />
    <UnitTestResult executionId="3b39e175-a4b3-46f9-9179-ccc4e7e3d4ed" testId="6ab06079-31b4-45ea-7735-a1784c77d24e" testName="DineOS.Tests.Common.ApiResponseNonGenericTests.Fail_SetsSuccessFalse_WithMessage" computerName="ENDRIT" duration="00:00:00.0019465" startTime="2026-05-12T15:50:09.1195951+02:00" endTime="2026-05-12T15:50:09.1397265+02:00" testType="13cdc9d9-ddb5-4fa4-a97d-d965ccfc6d4b" outcome="Passed" testListId="8c84fa94-04c1-424b-9868-57a2d4851a1d" relativeResultsDirectory="3b39e175-a4b3-46f9-9179-ccc4e7e3d4ed" />
    <UnitTestResult executionId="992a29c3-d880-4176-8765-63950a357159" testId="23fae184-4e2d-22ea-d4e6-f8a69e9db67f" testName="DineOS.Tests.Integration.ApiIntegrationTests.GetFallbackProtected_NoToken_Returns401" computerName="ENDRIT" duration="00:00:00.0043267" startTime="2026-05-12T15:50:27.5039509+02:00" endTime="2026-05-12T15:50:27.5079549+02:00" testType="13cdc9d9-ddb5-4fa4-a97d-d965ccfc6d4b" outcome="Passed" testListId="8c84fa94-04c1-424b-9868-57a2d4851a1d" relativeResultsDirectory="992a29c3-d880-4176-8765-63950a357159" />
    <UnitTestResult executionId="895340ba-7dac-44d5-a008-faec65739629" testId="fb3e555e-91f8-d138-011e-efe256cb2615" testName="DineOS.Tests.Integration.AdminRestaurantsIntegrationTests.PostRestaurant_ValidPayload_Returns201WithDto" computerName="ENDRIT" duration="00:00:00.0326696" startTime="2026-05-12T15:50:27.7794357+02:00" endTime="2026-05-12T15:50:27.8116254+02:00" testType="13cdc9d9-ddb5-4fa4-a97d-d965ccfc6d4b" outcome="Passed" testListId="8c84fa94-04c1-424b-9868-57a2d4851a1d" relativeResultsDirectory="895340ba-7dac-44d5-a008-faec65739629" />
    <UnitTestResult executionId="e511d127-5bc2-4411-9022-1dad4d0f435b" testId="3c554c28-12f4-d342-5b5d-e906c4eb95ee" testName="DineOS.Tests.Integration.PaymentsIntegrationTests.ProcessPayment_CashPayment_Returns201_AndOrderMarkedDelivered" computerName="ENDRIT" duration="00:00:00.0322523" startTime="2026-05-12T15:50:26.9369617+02:00" endTime="2026-05-12T15:50:26.9686904+02:00" testType="13cdc9d9-ddb5-4fa4-a97d-d965ccfc6d4b" outcome="Passed" testListId="8c84fa94-04c1-424b-9868-57a2d4851a1d" relativeResultsDirectory="e511d127-5bc2-4411-9022-1dad4d0f435b" />
    <UnitTestResult executionId="655743db-727c-4eee-8014-3ff1917fccfc" testId="58bf0cd1-c25a-7051-d67c-1acf43ce59b6" testName="DineOS.Tests.Common.ApiResponseNonGenericTests.Ok_WithMessage_SetsMessage" computerName="ENDRIT" duration="00:00:00.0004224" startTime="2026-05-12T15:50:09.1449573+02:00" endTime="2026-05-12T15:50:09.1450328+02:00" testType="13cdc9d9-ddb5-4fa4-a97d-d965ccfc6d4b" outcome="Passed" testListId="8c84fa94-04c1-424b-9868-57a2d4851a1d" relativeResultsDirectory="655743db-727c-4eee-8014-3ff1917fccfc" />
    <UnitTestResult executionId="5f481c3f-ce65-4f73-8983-4caf0c792af2" testId="0bc87352-dca2-14af-cb15-6b2015e78f44" testName="DineOS.Tests.Integration.AdminRestaurantsIntegrationTests.GetRestaurant_NonExistentId_Returns404" computerName="ENDRIT" duration="00:00:00.0311535" startTime="2026-05-12T15:50:27.8133695+02:00" endTime="2026-05-12T15:50:27.8436499+02:00" testType="13cdc9d9-ddb5-4fa4-a97d-d965ccfc6d4b" outcome="Passed" testListId="8c84fa94-04c1-424b-9868-57a2d4851a1d" relativeResultsDirectory="5f481c3f-ce65-4f73-8983-4caf0c792af2" />
    <UnitTestResult executionId="d35ac14c-9099-41e7-bc62-6cb787438aaa" testId="0d4e240b-2e48-f659-464b-646e9e50d4c0" testName="DineOS.Tests.Unit.GenericRepositoryTests.DeleteAsync_ExistingEntity_SoftDeletesIt" computerName="ENDRIT" duration="00:00:00.0029101" startTime="2026-05-12T15:50:11.0000579+02:00" endTime="2026-05-12T15:50:11.0018021+02:00" testType="13cdc9d9-ddb5-4fa4-a97d-d965ccfc6d4b" outcome="Passed" testListId="8c84fa94-04c1-424b-9868-57a2d4851a1d" relativeResultsDirectory="d35ac14c-9099-41e7-bc62-6cb787438aaa" />
    <UnitTestResult executionId="2e717178-dba1-451a-b404-b351aad0f0fd" testId="5b785516-3f8f-ac57-c5e7-2fdefbe2927b" testName="DineOS.Tests.Unit.StaffServiceTests.SetStaffActiveAsync_TogglesActiveFlag" computerName="ENDRIT" duration="00:00:00.0748603" startTime="2026-05-12T15:50:10.9435518+02:00" endTime="2026-05-12T15:50:11.0165768+02:00" testType="13cdc9d9-ddb5-4fa4-a97d-d965ccfc6d4b" outcome="Passed" testListId="8c84fa94-04c1-424b-9868-57a2d4851a1d" relativeResultsDirectory="2e717178-dba1-451a-b404-b351aad0f0fd" />
    <UnitTestResult executionId="c19649ad-f94c-46be-8589-ae79fd8ae27d" testId="e37235ba-0f12-d319-d845-ea8a2c1f3645" testName="DineOS.Tests.Unit.GenericRepositoryTests.AddAsync_PersistsEntity_AndReturnsIt" computerName="ENDRIT" duration="00:00:01.9750455" startTime="2026-05-12T15:50:09.0541629+02:00" endTime="2026-05-12T15:50:10.9297243+02:00" testType="13cdc9d9-ddb5-4fa4-a97d-d965ccfc6d4b" outcome="Passed" testListId="8c84fa94-04c1-424b-9868-57a2d4851a1d" relativeResultsDirectory="c19649ad-f94c-46be-8589-ae79fd8ae27d" />
    <UnitTestResult executionId="3ab8c430-71d3-4973-a7c7-b73752a8f4a6" testId="d8dfa5e0-de08-a2f8-3921-e2f8f6762c46" testName="DineOS.Tests.Unit.HealthServiceTests.GetStatusAsync_TimestampIsRecentUtc" computerName="ENDRIT" duration="00:00:00.0086699" startTime="2026-05-12T15:50:09.1545982+02:00" endTime="2026-05-12T15:50:09.1547374+02:00" testType="13cdc9d9-ddb5-4fa4-a97d-d965ccfc6d4b" outcome="Passed" testListId="8c84fa94-04c1-424b-9868-57a2d4851a1d" relativeResultsDirectory="3ab8c430-71d3-4973-a7c7-b73752a8f4a6" />
    <UnitTestResult executionId="193e5043-c93c-4a2e-9a7b-75f2f0397cba" testId="1002ff8d-fbd2-3151-8f97-4e4873b3a670" testName="DineOS.Tests.Integration.AdminRestaurantsIntegrationTests.PatchPlan_ValidPlan_Returns200WithUpdatedPlan" computerName="ENDRIT" duration="00:00:00.0145854" startTime="2026-05-12T15:50:27.9142737+02:00" endTime="2026-05-12T15:50:27.9278034+02:00" testType="13cdc9d9-ddb5-4fa4-a97d-d965ccfc6d4b" outcome="Passed" testListId="8c84fa94-04c1-424b-9868-57a2d4851a1d" relativeResultsDirectory="193e5043-c93c-4a2e-9a7b-75f2f0397cba" />
    <UnitTestResult executionId="3eed8004-ac96-4fdc-b60b-a45399f8275e" testId="fba8e95c-6bbf-51dc-2f03-56217f3f6f75" testName="DineOS.Tests.Unit.LocalFileStorageServiceTests.DeleteAsync_UrlTraversal_ThrowsInvalidOperationException" computerName="ENDRIT" duration="00:00:00.0039188" startTime="2026-05-12T15:50:09.2287075+02:00" endTime="2026-05-12T15:50:09.2288979+02:00" testType="13cdc9d9-ddb5-4fa4-a97d-d965ccfc6d4b" outcome="Passed" testListId="8c84fa94-04c1-424b-9868-57a2d4851a1d" relativeResultsDirectory="3eed8004-ac96-4fdc-b60b-a45399f8275e" />
    <UnitTestResult executionId="e30c1bec-7c27-46a6-ae1a-d9fafedf9874" testId="42215c1f-6bcb-044a-f97c-e86421b69cfc" testName="DineOS.Tests.Unit.AdminRestaurantServiceTests.CreateAsync_ValidRequest_ReturnsCreated_AndGeneratesSlug" computerName="ENDRIT" duration="00:00:01.9743048" startTime="2026-05-12T15:50:09.0577414+02:00" endTime="2026-05-12T15:50:10.9277716+02:00" testType="13cdc9d9-ddb5-4fa4-a97d-d965ccfc6d4b" outcome="Passed" testListId="8c84fa94-04c1-424b-9868-57a2d4851a1d" relativeResultsDirectory="e30c1bec-7c27-46a6-ae1a-d9fafedf9874" />
    <UnitTestResult executionId="79ae9d4d-ad5d-4b05-8ea6-63b1812d95a2" testId="b08a0383-477c-1e7d-5a09-b0cd0f534fa8" testName="DineOS.Tests.Integration.RbacAuthorizationTests.Manager_XTenantIdHeaderMismatch_Returns403_CrossTenantIsolation" computerName="ENDRIT" duration="00:00:00.0069449" startTime="2026-05-12T15:50:25.7964725+02:00" endTime="2026-05-12T15:50:25.8026224+02:00" testType="13cdc9d9-ddb5-4fa4-a97d-d965ccfc6d4b" outcome="Passed" testListId="8c84fa94-04c1-424b-9868-57a2d4851a1d" relativeResultsDirectory="79ae9d4d-ad5d-4b05-8ea6-63b1812d95a2" />
    <UnitTestResult executionId="77a73d58-c0c7-4626-bb7a-9063f5953c22" testId="3878dd14-db5e-350e-92b8-ca086abc11d8" testName="DineOS.Tests.Unit.StaffServiceTests.CreateStaffAsync_NoTenantContext_ReturnsBadRequest" computerName="ENDRIT" duration="00:00:00.0034195" startTime="2026-05-12T15:50:10.9381573+02:00" endTime="2026-05-12T15:50:10.9406932+02:00" testType="13cdc9d9-ddb5-4fa4-a97d-d965ccfc6d4b" outcome="Passed" testListId="8c84fa94-04c1-424b-9868-57a2d4851a1d" relativeResultsDirectory="77a73d58-c0c7-4626-bb7a-9063f5953c22" />
    <UnitTestResult executionId="b232122f-584d-487f-8ab4-49982e13a585" testId="1d971929-16c7-9ee3-df17-1bc857b18888" testName="DineOS.Tests.Unit.ExceptionMiddlewareTests.InvokeAsync_UnknownException_Returns500WithGenericMessage" computerName="ENDRIT" duration="00:00:00.0027755" startTime="2026-05-12T15:50:09.2681780+02:00" endTime="2026-05-12T15:50:09.2683909+02:00" testType="13cdc9d9-ddb5-4fa4-a97d-d965ccfc6d4b" outcome="Passed" testListId="8c84fa94-04c1-424b-9868-57a2d4851a1d" relativeResultsDirectory="b232122f-584d-487f-8ab4-49982e13a585" />
    <UnitTestResult executionId="0fc1759c-10c3-4faa-a632-3242a38015e9" testId="6e71028b-cde7-4e83-f903-a2c2f6e0d52a" testName="DineOS.Tests.Unit.LocalFileStorageServiceTests.SaveAsync_ReturnedUrlFilename_IsGuid_OriginalNameDiscarded" computerName="ENDRIT" duration="00:00:00.0112425" startTime="2026-05-12T15:50:09.2301889+02:00" endTime="2026-05-12T15:50:09.2400181+02:00" testType="13cdc9d9-ddb5-4fa4-a97d-d965ccfc6d4b" outcome="Passed" testListId="8c84fa94-04c1-424b-9868-57a2d4851a1d" relativeResultsDirectory="0fc1759c-10c3-4faa-a632-3242a38015e9" />
    <UnitTestResult executionId="a3619c7f-f21d-41de-b076-68c24f7480f2" testId="fccc3efe-0fcc-d1ff-7a0f-ee1e3796cd08" testName="DineOS.Tests.Unit.GenericRepositoryTests.GetAllAsync_ExcludesSoftDeletedEntities" computerName="ENDRIT" duration="00:00:00.0149102" startTime="2026-05-12T15:50:10.9534508+02:00" endTime="2026-05-12T15:50:10.9667369+02:00" testType="13cdc9d9-ddb5-4fa4-a97d-d965ccfc6d4b" outcome="Passed" testListId="8c84fa94-04c1-424b-9868-57a2d4851a1d" relativeResultsDirectory="a3619c7f-f21d-41de-b076-68c24f7480f2" />
    <UnitTestResult executionId="b4498346-7008-4b4e-98fa-7f139e37c3d3" testId="7f9c7701-91cd-7f11-f092-08c9ae20d8b8" testName="DineOS.Tests.Integration.RbacAuthorizationTests.Unauthenticated_AnyProtectedEndpoint_Returns401_WithStructuredError(path: &quot;/api/v1/admin/tenants&quot;)" computerName="ENDRIT" duration="00:00:00.0037388" startTime="2026-05-12T15:50:25.7826676+02:00" endTime="2026-05-12T15:50:25.7859902+02:00" testType="13cdc9d9-ddb5-4fa4-a97d-d965ccfc6d4b" outcome="Passed" testListId="8c84fa94-04c1-424b-9868-57a2d4851a1d" relativeResultsDirectory="b4498346-7008-4b4e-98fa-7f139e37c3d3" />
    <UnitTestResult executionId="37682072-5704-4760-963c-f845290a1939" testId="28482fe5-a301-3596-d18c-0af68a1254e3" testName="DineOS.Tests.Integration.AuthErrorResponseTests.TwoForbiddenRequests_HaveDifferentCorrelationIds" computerName="ENDRIT" duration="00:00:00.0091926" startTime="2026-05-12T15:50:27.4207705+02:00" endTime="2026-05-12T15:50:27.4293356+02:00" testType="13cdc9d9-ddb5-4fa4-a97d-d965ccfc6d4b" outcome="Passed" testListId="8c84fa94-04c1-424b-9868-57a2d4851a1d" relativeResultsDirectory="37682072-5704-4760-963c-f845290a1939" />
    <UnitTestResult executionId="e28b248d-4f76-43bf-b332-471f9b5204ad" testId="e65d863c-d4ca-5e37-10be-e9f12c0c02c2" testName="DineOS.Tests.Integration.PaymentsIntegrationTests.PaymentEndpoints_KitchenStaff_Returns403(method: &quot;GET&quot;, path: &quot;/api/v1/payments/open-orders&quot;)" computerName="ENDRIT" duration="00:00:00.0031805" startTime="2026-05-12T15:50:26.7601282+02:00" endTime="2026-05-12T15:50:26.7627132+02:00" testType="13cdc9d9-ddb5-4fa4-a97d-d965ccfc6d4b" outcome="Passed" testListId="8c84fa94-04c1-424b-9868-57a2d4851a1d" relativeResultsDirectory="e28b248d-4f76-43bf-b332-471f9b5204ad" />
    <UnitTestResult executionId="55fce1fc-7d02-4eca-9572-63cf8ace28da" testId="207a4044-4fe8-90d5-ff49-005e7391dd66" testName="DineOS.Tests.Unit.ExceptionMiddlewareTests.InvokeAsync_ArgumentException_Returns400WithMessage" computerName="ENDRIT" duration="00:00:00.3180013" startTime="2026-05-12T15:50:09.0580739+02:00" endTime="2026-05-12T15:50:09.2642926+02:00" testType="13cdc9d9-ddb5-4fa4-a97d-d965ccfc6d4b" outcome="Passed" testListId="8c84fa94-04c1-424b-9868-57a2d4851a1d" relativeResultsDirectory="55fce1fc-7d02-4eca-9572-63cf8ace28da" />
    <UnitTestResult executionId="8c31ac11-a2fc-4cf7-91fe-2f96009318e0" testId="04d88be5-affc-9dd7-83be-3517458f0691" testName="DineOS.Tests.Unit.KeycloakRolesTransformationTests.TransformAsync_RealmAccessWithoutRolesProperty_ReturnsPrincipalUnchanged" computerName="ENDRIT" duration="00:00:00.0020693" startTime="2026-05-12T15:50:09.1383404+02:00" endTime="2026-05-12T15:50:09.1415207+02:00" testType="13cdc9d9-ddb5-4fa4-a97d-d965ccfc6d4b" outcome="Passed" testListId="8c84fa94-04c1-424b-9868-57a2d4851a1d" relativeResultsDirectory="8c31ac11-a2fc-4cf7-91fe-2f96009318e0" />
    <UnitTestResult executionId="d558c33f-82d9-47cc-b036-da7065c54a6c" testId="0885e8b2-a6db-21e5-7087-f6e9f0cbd3ec" testName="DineOS.Tests.Unit.TenantIsolationMiddlewareTests.InvokeAsync_ValidTenantId_SetsHttpContextItem_AndCallsNext" computerName="ENDRIT" duration="00:00:00.0072541" startTime="2026-05-12T15:50:09.2682298+02:00" endTime="2026-05-12T15:50:09.2716206+02:00" testType="13cdc9d9-ddb5-4fa4-a97d-d965ccfc6d4b" outcome="Passed" testListId="8c84fa94-04c1-424b-9868-57a2d4851a1d" relativeResultsDirectory="d558c33f-82d9-47cc-b036-da7065c54a6c" />
    <UnitTestResult executionId="badae7e9-dd1e-4caf-beeb-ffb261889e9a" testId="73866576-83d0-8fb1-3f7f-094b143cf1e4" testName="DineOS.Tests.Integration.MenuItemImageUploadTests.UploadImage_InvalidContentType_Returns400_WithErrorCode" computerName="ENDRIT" duration="00:00:00.0179537" startTime="2026-05-12T15:50:27.3467188+02:00" endTime="2026-05-12T15:50:27.3640579+02:00" testType="13cdc9d9-ddb5-4fa4-a97d-d965ccfc6d4b" outcome="Passed" testListId="8c84fa94-04c1-424b-9868-57a2d4851a1d" relativeResultsDirectory="badae7e9-dd1e-4caf-beeb-ffb261889e9a" />
    <UnitTestResult executionId="3e4e26ac-0068-454d-a803-43842f08192e" testId="935d965c-f421-c573-f6a0-beb7c7b523a4" testName="DineOS.Tests.Integration.PaymentsIntegrationTests.ProcessPayment_CardPayment_Returns201" computerName="ENDRIT" duration="00:00:00.1215081" startTime="2026-05-12T15:50:26.6326410+02:00" endTime="2026-05-12T15:50:26.7536069+02:00" testType="13cdc9d9-ddb5-4fa4-a97d-d965ccfc6d4b" outcome="Passed" testListId="8c84fa94-04c1-424b-9868-57a2d4851a1d" relativeResultsDirectory="3e4e26ac-0068-454d-a803-43842f08192e" />
    <UnitTestResult executionId="ae6f86ce-134a-47c7-9049-f016befdd6ae" testId="d4d1c052-0acf-c332-7b6e-baa1aa04dedf" testName="DineOS.Tests.Common.ResultNonGenericTests.Failure_SetsIsSuccessFalse_WithError" computerName="ENDRIT" duration="00:00:00.0016683" startTime="2026-05-12T15:50:09.1499660+02:00" endTime="2026-05-12T15:50:09.1511611+02:00" testType="13cdc9d9-ddb5-4fa4-a97d-d965ccfc6d4b" outcome="Passed" testListId="8c84fa94-04c1-424b-9868-57a2d4851a1d" relativeResultsDirectory="ae6f86ce-134a-47c7-9049-f016befdd6ae" />
    <UnitTestResult executionId="a2b59af1-8884-4989-ad26-d29a7e634508" testId="844aceb0-c000-6e06-2fc9-7ffc2be6ec2b" testName="DineOS.Tests.Integration.AuthErrorResponseTests.GetProtectedEndpoint_NoToken_Returns401_WithStructuredJson" computerName="ENDRIT" duration="00:00:00.0043014" startTime="2026-05-12T15:50:27.4372382+02:00" endTime="2026-05-12T15:50:27.4400892+02:00" testType="13cdc9d9-ddb5-4fa4-a97d-d965ccfc6d4b" outcome="Passed" testListId="8c84fa94-04c1-424b-9868-57a2d4851a1d" relativeResultsDirectory="a2b59af1-8884-4989-ad26-d29a7e634508" />
    <UnitTestResult executionId="aa8804b0-fdcf-4961-8710-697dffd51c8c" testId="0db0497c-f3f8-9ede-cc8c-eeeeb11c970e" testName="DineOS.Tests.Integration.PaymentsIntegrationTests.PaymentEndpoints_KitchenStaff_Returns403(method: &quot;POST&quot;, path: &quot;/api/v1/payments&quot;)" computerName="ENDRIT" duration="00:00:00.0045820" startTime="2026-05-12T15:50:26.7548932+02:00" endTime="2026-05-12T15:50:26.7589398+02:00" testType="13cdc9d9-ddb5-4fa4-a97d-d965ccfc6d4b" outcome="Passed" testListId="8c84fa94-04c1-424b-9868-57a2d4851a1d" relativeResultsDirectory="aa8804b0-fdcf-4961-8710-697dffd51c8c" />
    <UnitTestResult executionId="1cd0f92a-447b-46cf-a22f-90d7308c4037" testId="0955fca5-c262-1f7a-55ab-ad0b52426ed4" testName="DineOS.Tests.Integration.RbacAuthorizationTests.Unauthenticated_AnyProtectedEndpoint_Returns401_WithStructuredError(path: &quot;/api/v1/kitchen/orders&quot;)" computerName="ENDRIT" duration="00:00:00.0038871" startTime="2026-05-12T15:50:25.7912717+02:00" endTime="2026-05-12T15:50:25.7948967+02:00" testType="13cdc9d9-ddb5-4fa4-a97d-d965ccfc6d4b" outcome="Passed" testListId="8c84fa94-04c1-424b-9868-57a2d4851a1d" relativeResultsDirectory="1cd0f92a-447b-46cf-a22f-90d7308c4037" />
    <UnitTestResult executionId="f2ffaed9-b1fd-43e7-885f-b38caf6cadaf" testId="9045c05a-7482-fa29-a260-8db92dd85d68" testName="DineOS.Tests.Integration.StaffIntegrationTests.StaffEndpoints_NoToken_Returns401(method: &quot;GET&quot;, path: &quot;/api/v1/staff&quot;)" computerName="ENDRIT" duration="00:00:00.0035322" startTime="2026-05-12T15:50:25.6916524+02:00" endTime="2026-05-12T15:50:25.6944483+02:00" testType="13cdc9d9-ddb5-4fa4-a97d-d965ccfc6d4b" outcome="Passed" testListId="8c84fa94-04c1-424b-9868-57a2d4851a1d" relativeResultsDirectory="f2ffaed9-b1fd-43e7-885f-b38caf6cadaf" />
    <UnitTestResult executionId="d0521dd8-3069-4ba8-88b3-2b1fafd31304" testId="d8d22c83-f969-ebdc-aa50-d84925352be0" testName="DineOS.Tests.Unit.AdminRestaurantServiceTests.GetByIdAsync_NonExistent_ReturnsNotFound" computerName="ENDRIT" duration="00:00:00.0306780" startTime="2026-05-12T15:50:10.9598454+02:00" endTime="2026-05-12T15:50:10.9896750+02:00" testType="13cdc9d9-ddb5-4fa4-a97d-d965ccfc6d4b" outcome="Passed" testListId="8c84fa94-04c1-424b-9868-57a2d4851a1d" relativeResultsDirectory="d0521dd8-3069-4ba8-88b3-2b1fafd31304" />
    <UnitTestResult executionId="af0d7a83-63ca-41a5-a344-7aac1392f2e3" testId="b51c9331-ab24-cbc4-94c1-ffe91dea80ac" testName="DineOS.Tests.Integration.ApiIntegrationTests.GetSecure_ValidBearerToken_Returns200" computerName="ENDRIT" duration="00:00:00.0104991" startTime="2026-05-12T15:50:27.4416288+02:00" endTime="2026-05-12T15:50:27.4514864+02:00" testType="13cdc9d9-ddb5-4fa4-a97d-d965ccfc6d4b" outcome="Passed" testListId="8c84fa94-04c1-424b-9868-57a2d4851a1d" relativeResultsDirectory="af0d7a83-63ca-41a5-a344-7aac1392f2e3" />
    <UnitTestResult executionId="667e6f48-51ff-4ded-b0eb-2ece91cd97ed" testId="90da151d-cd72-434a-81fe-b24e7121546c" testName="DineOS.Tests.Unit.TenantIsolationMiddlewareTests.InvokeAsync_SuperAdmin_CallsNextWithoutTenantCheck" computerName="ENDRIT" duration="00:00:00.0023163" startTime="2026-05-12T15:50:09.2992286+02:00" endTime="2026-05-12T15:50:09.3003624+02:00" testType="13cdc9d9-ddb5-4fa4-a97d-d965ccfc6d4b" outcome="Passed" testListId="8c84fa94-04c1-424b-9868-57a2d4851a1d" relativeResultsDirectory="667e6f48-51ff-4ded-b0eb-2ece91cd97ed" />
    <UnitTestResult executionId="9ac4cb47-ce0b-43bb-bc92-28cc6aeba235" testId="00116964-708e-87df-9b0d-fe7a7232ba3e" testName="DineOS.Tests.Unit.MenuServiceTests.GetMenuItemsAsync_CacheMiss_LoadsFromDbAndPopulatesCache" computerName="ENDRIT" duration="00:00:00.1386100" startTime="2026-05-12T15:50:10.7994487+02:00" endTime="2026-05-12T15:50:10.9345566+02:00" testType="13cdc9d9-ddb5-4fa4-a97d-d965ccfc6d4b" outcome="Passed" testListId="8c84fa94-04c1-424b-9868-57a2d4851a1d" relativeResultsDirectory="9ac4cb47-ce0b-43bb-bc92-28cc6aeba235" />
    <UnitTestResult executionId="f9950288-d6fd-4ba0-86f5-13b52a53a726" testId="5e2d5728-edc9-d3e8-a31a-82f58486a8ef" testName="DineOS.Tests.Unit.TokenBlacklistServiceTests.IsBlacklistedAsync_KeyDoesNotExist_ReturnsFalse" computerName="ENDRIT" duration="00:00:00.0021194" startTime="2026-05-12T15:50:09.5110363+02:00" endTime="2026-05-12T15:50:09.5118456+02:00" testType="13cdc9d9-ddb5-4fa4-a97d-d965ccfc6d4b" outcome="Passed" testListId="8c84fa94-04c1-424b-9868-57a2d4851a1d" relativeResultsDirectory="f9950288-d6fd-4ba0-86f5-13b52a53a726" />
    <UnitTestResult executionId="f5c0f10e-bc53-4e51-8541-35dac8f6b7b2" testId="bd124259-d3d9-9194-5794-9eb7f6ab8658" testName="DineOS.Tests.Unit.ExceptionMiddlewareTests.InvokeAsync_UnauthorizedAccessException_Returns401" computerName="ENDRIT" duration="00:00:00.0021583" startTime="2026-05-12T15:50:09.2741634+02:00" endTime="2026-05-12T15:50:09.2743536+02:00" testType="13cdc9d9-ddb5-4fa4-a97d-d965ccfc6d4b" outcome="Passed" testListId="8c84fa94-04c1-424b-9868-57a2d4851a1d" relativeResultsDirectory="f5c0f10e-bc53-4e51-8541-35dac8f6b7b2" />
    <UnitTestResult executionId="a622a291-bc70-4f44-b369-f472fa8ffc8f" testId="264453cf-c5f7-96ff-6322-6527f0142029" testName="DineOS.Tests.Unit.TenantIsolationMiddlewareTests.InvokeAsync_HeaderDoesNotMatchJwt_Returns403" computerName="ENDRIT" duration="00:00:00.3179525" startTime="2026-05-12T15:50:09.0581395+02:00" endTime="2026-05-12T15:50:09.2644074+02:00" testType="13cdc9d9-ddb5-4fa4-a97d-d965ccfc6d4b" outcome="Passed" testListId="8c84fa94-04c1-424b-9868-57a2d4851a1d" relativeResultsDirectory="a622a291-bc70-4f44-b369-f472fa8ffc8f" />
    <UnitTestResult executionId="f7fae8fe-e534-4951-a8cc-61563591e8e0" testId="951eb9c9-271c-1fa2-8fe2-4358ded92092" testName="DineOS.Tests.Integration.AdminRestaurantsIntegrationTests.GetRestaurants_ManagerRole_Returns403" computerName="ENDRIT" duration="00:00:00.0048404" startTime="2026-05-12T15:50:27.8819308+02:00" endTime="2026-05-12T15:50:27.8862171+02:00" testType="13cdc9d9-ddb5-4fa4-a97d-d965ccfc6d4b" outcome="Passed" testListId="8c84fa94-04c1-424b-9868-57a2d4851a1d" relativeResultsDirectory="f7fae8fe-e534-4951-a8cc-61563591e8e0" />
    <UnitTestResult executionId="0ebac7ee-7afc-4a84-9be8-b65c1b4768c5" testId="2c8df2de-0412-9339-1d71-adbcf595be49" testName="DineOS.Tests.Integration.AdminRestaurantsIntegrationTests.GetRestaurants_SearchByName_ReturnsMatchingResults" computerName="ENDRIT" duration="00:00:00.0933847" startTime="2026-05-12T15:50:27.5208192+02:00" endTime="2026-05-12T15:50:27.6140361+02:00" testType="13cdc9d9-ddb5-4fa4-a97d-d965ccfc6d4b" outcome="Passed" testListId="8c84fa94-04c1-424b-9868-57a2d4851a1d" relativeResultsDirectory="0ebac7ee-7afc-4a84-9be8-b65c1b4768c5" />
    <UnitTestResult executionId="4a6113ec-2c8a-4fb5-af33-1b65c2081773" testId="f0d79b35-0664-09b2-7e79-203d0406991b" testName="DineOS.Tests.Common.ApiResponseTests.Result_Success_IsSuccess" computerName="ENDRIT" duration="00:00:00.0084837" startTime="2026-05-12T15:50:09.1113289+02:00" endTime="2026-05-12T15:50:09.1196885+02:00" testType="13cdc9d9-ddb5-4fa4-a97d-d965ccfc6d4b" outcome="Passed" testListId="8c84fa94-04c1-424b-9868-57a2d4851a1d" relativeResultsDirectory="4a6113ec-2c8a-4fb5-af33-1b65c2081773" />
    <UnitTestResult executionId="9dda4d12-47cb-4b94-a17a-2749ff633261" testId="2542b868-fc63-9319-fa5a-3a5453818507" testName="DineOS.Tests.Integration.ApiIntegrationTests.PostValidate_MissingName_Returns400_WithApiResponseFail" computerName="ENDRIT" duration="00:00:00.0207889" startTime="2026-05-12T15:50:27.4737035+02:00" endTime="2026-05-12T15:50:27.4939657+02:00" testType="13cdc9d9-ddb5-4fa4-a97d-d965ccfc6d4b" outcome="Passed" testListId="8c84fa94-04c1-424b-9868-57a2d4851a1d" relativeResultsDirectory="9dda4d12-47cb-4b94-a17a-2749ff633261" />
    <UnitTestResult executionId="f9af9e00-031e-43a6-baf1-fb84465c7fc4" testId="ade7c15f-19c7-53ce-263b-57813b28cf43" testName="DineOS.Tests.Integration.AdminRestaurantsIntegrationTests.PostRestaurant_InvalidPlan_Returns400" computerName="ENDRIT" duration="00:00:00.0057923" startTime="2026-05-12T15:50:27.8521757+02:00" endTime="2026-05-12T15:50:27.8575520+02:00" testType="13cdc9d9-ddb5-4fa4-a97d-d965ccfc6d4b" outcome="Passed" testListId="8c84fa94-04c1-424b-9868-57a2d4851a1d" relativeResultsDirectory="f9af9e00-031e-43a6-baf1-fb84465c7fc4" />
    <UnitTestResult executionId="409bd4d6-73c0-4b80-9fd8-7f6c3c459f4e" testId="42dad3b7-0ca8-4451-c872-2e3198b94e18" testName="DineOS.Tests.Integration.ApiIntegrationTests.GetSecure_NoToken_Returns401" computerName="ENDRIT" duration="00:00:00.0037169" startTime="2026-05-12T15:50:27.4994909+02:00" endTime="2026-05-12T15:50:27.5028338+02:00" testType="13cdc9d9-ddb5-4fa4-a97d-d965ccfc6d4b" outcome="Passed" testListId="8c84fa94-04c1-424b-9868-57a2d4851a1d" relativeResultsDirectory="409bd4d6-73c0-4b80-9fd8-7f6c3c459f4e" />
    <UnitTestResult executionId="fe53e9c8-50fa-43c1-a3d6-12c3a8b1acd3" testId="16b542aa-824c-ebd0-0298-8054ab1d9fec" testName="DineOS.Tests.Unit.AuthControllerTests.Login_WithValidCredentials_Returns200WithTokenPair" computerName="ENDRIT" duration="00:00:00.1515210" startTime="2026-05-12T15:50:09.1618915+02:00" endTime="2026-05-12T15:50:09.1924257+02:00" testType="13cdc9d9-ddb5-4fa4-a97d-d965ccfc6d4b" outcome="Passed" testListId="8c84fa94-04c1-424b-9868-57a2d4851a1d" relativeResultsDirectory="fe53e9c8-50fa-43c1-a3d6-12c3a8b1acd3" />
    <UnitTestResult executionId="b15920c8-acd4-4ecc-9a4e-d0e6bec74490" testId="d00e8303-9198-af57-1532-6a907a9cb0e1" testName="DineOS.Tests.Integration.ApiIntegrationTests.GetMe_ValidBearerToken_Returns200WithUserInfo" computerName="ENDRIT" duration="00:00:00.0108484" startTime="2026-05-12T15:50:27.5098142+02:00" endTime="2026-05-12T15:50:27.5195389+02:00" testType="13cdc9d9-ddb5-4fa4-a97d-d965ccfc6d4b" outcome="Passed" testListId="8c84fa94-04c1-424b-9868-57a2d4851a1d" relativeResultsDirectory="b15920c8-acd4-4ecc-9a4e-d0e6bec74490" />
    <UnitTestResult executionId="bfd592af-6a09-4c2f-99af-f66b89dc473f" testId="f129af82-0d36-e095-5319-73d4aaba536c" testName="DineOS.Tests.Unit.KeycloakOptionsTests.GetAuthorizationEndpoint_UsesConfiguredAuthority" computerName="ENDRIT" duration="00:00:00.0011836" startTime="2026-05-12T15:50:09.2268197+02:00" endTime="2026-05-12T15:50:09.2269070+02:00" testType="13cdc9d9-ddb5-4fa4-a97d-d965ccfc6d4b" outcome="Passed" testListId="8c84fa94-04c1-424b-9868-57a2d4851a1d" relativeResultsDirectory="bfd592af-6a09-4c2f-99af-f66b89dc473f" />
    <UnitTestResult executionId="5ed707cf-10ba-44b9-809d-098044749f32" testId="088a0145-0f35-9e78-cf8e-163f2366671a" testName="DineOS.Tests.Unit.TokenBlacklistServiceTests.BlacklistAsync_StoresKeyInRedisWithCorrectTTL" computerName="ENDRIT" duration="00:00:00.2812490" startTime="2026-05-12T15:50:09.2252450+02:00" endTime="2026-05-12T15:50:09.5009196+02:00" testType="13cdc9d9-ddb5-4fa4-a97d-d965ccfc6d4b" outcome="Passed" testListId="8c84fa94-04c1-424b-9868-57a2d4851a1d" relativeResultsDirectory="5ed707cf-10ba-44b9-809d-098044749f32" />
    <UnitTestResult executionId="985b6701-5447-4bc0-b940-4c9f27c7b959" testId="523d78fe-0735-cdb3-776b-8587e1a325d7" testName="DineOS.Tests.Unit.TenantIsolationMiddlewareTests.InvokeAsync_RouteValueDoesNotMatchJwt_Returns403" computerName="ENDRIT" duration="00:00:00.0016452" startTime="2026-05-12T15:50:09.2957644+02:00" endTime="2026-05-12T15:50:09.2962564+02:00" testType="13cdc9d9-ddb5-4fa4-a97d-d965ccfc6d4b" outcome="Passed" testListId="8c84fa94-04c1-424b-9868-57a2d4851a1d" relativeResultsDirectory="985b6701-5447-4bc0-b940-4c9f27c7b959" />
    <UnitTestResult executionId="7ecccc44-c024-437e-887c-b810afb1947a" testId="bddf1027-827a-1dd7-a83d-2f94f6b6aaa5" testName="DineOS.Tests.Unit.KeycloakAuthServiceTests.LoginAsync_WithInvalidCredentials_ReturnsFailure" computerName="ENDRIT" duration="00:00:00.0020535" startTime="2026-05-12T15:50:09.3459079+02:00" endTime="2026-05-12T15:50:09.3460402+02:00" testType="13cdc9d9-ddb5-4fa4-a97d-d965ccfc6d4b" outcome="Passed" testListId="8c84fa94-04c1-424b-9868-57a2d4851a1d" relativeResultsDirectory="7ecccc44-c024-437e-887c-b810afb1947a" />
    <UnitTestResult executionId="90b7d63a-0e09-4c07-aed4-c617bb807b03" testId="c4281081-3a07-8946-cab6-5062243469b5" testName="DineOS.Tests.Integration.ApiIntegrationTests.GetHealth_Returns200_WithSuccessEnvelope" computerName="ENDRIT" duration="00:00:00.0201844" startTime="2026-05-12T15:50:27.4529503+02:00" endTime="2026-05-12T15:50:27.4724524+02:00" testType="13cdc9d9-ddb5-4fa4-a97d-d965ccfc6d4b" outcome="Passed" testListId="8c84fa94-04c1-424b-9868-57a2d4851a1d" relativeResultsDirectory="90b7d63a-0e09-4c07-aed4-c617bb807b03" />
    <UnitTestResult executionId="b2bdd1c7-875b-4703-840f-bc6eda49384e" testId="d6afffb0-5e9e-158c-c5ff-969ff09a967a" testName="DineOS.Tests.Unit.LocalFileStorageServiceTests.DeleteAsync_ExistingFile_DeletesFromDisk" computerName="ENDRIT" duration="00:00:00.1519251" startTime="2026-05-12T15:50:09.1652225+02:00" endTime="2026-05-12T15:50:09.2186416+02:00" testType="13cdc9d9-ddb5-4fa4-a97d-d965ccfc6d4b" outcome="Passed" testListId="8c84fa94-04c1-424b-9868-57a2d4851a1d" relativeResultsDirectory="b2bdd1c7-875b-4703-840f-bc6eda49384e" />
    <UnitTestResult executionId="26310002-22ed-4ddf-b90d-4ff1127fe72d" testId="01eac0c5-f5a5-201f-a214-acd7ffa2f6ca" testName="DineOS.Tests.Integration.MenuItemImageUploadTests.UploadImage_FileTooLarge_Returns400_WithErrorCode" computerName="ENDRIT" duration="00:00:00.1740020" startTime="2026-05-12T15:50:27.1675111+02:00" endTime="2026-05-12T15:50:27.3399715+02:00" testType="13cdc9d9-ddb5-4fa4-a97d-d965ccfc6d4b" outcome="Passed" testListId="8c84fa94-04c1-424b-9868-57a2d4851a1d" relativeResultsDirectory="26310002-22ed-4ddf-b90d-4ff1127fe72d" />
    <UnitTestResult executionId="9aeb1eac-e760-40aa-a26f-531ee66199a9" testId="312dcca8-5b06-a995-d7a9-aa00b919c234" testName="DineOS.Tests.Unit.AuthControllerTests.Login_WithInvalidCredentials_Returns401" computerName="ENDRIT" duration="00:00:00.0056245" startTime="2026-05-12T15:50:09.1939654+02:00" endTime="2026-05-12T15:50:09.1981784+02:00" testType="13cdc9d9-ddb5-4fa4-a97d-d965ccfc6d4b" outcome="Passed" testListId="8c84fa94-04c1-424b-9868-57a2d4851a1d" relativeResultsDirectory="9aeb1eac-e760-40aa-a26f-531ee66199a9" />
    <UnitTestResult executionId="307179fb-fd57-4fe8-8032-62b7ad4fe47e" testId="44138bd1-1bc4-80fc-4175-740c81d1e424" testName="DineOS.Tests.Integration.RbacAuthorizationTests.Cashier_CreateOrder_Returns201" computerName="ENDRIT" duration="00:00:00.2783351" startTime="2026-05-12T15:50:26.0602030+02:00" endTime="2026-05-12T15:50:26.3365317+02:00" testType="13cdc9d9-ddb5-4fa4-a97d-d965ccfc6d4b" outcome="Passed" testListId="8c84fa94-04c1-424b-9868-57a2d4851a1d" relativeResultsDirectory="307179fb-fd57-4fe8-8032-62b7ad4fe47e" />
    <UnitTestResult executionId="ee799aba-3694-4ea5-8aa6-42b2fb248a6e" testId="a346d4d7-d9de-6e7f-22d1-6ae13aa693a9" testName="DineOS.Tests.Unit.KeycloakAuthServiceTests.RefreshAsync_WithValidToken_BlacklistsOldTokenAndReturnsNewPair" computerName="ENDRIT" duration="00:00:00.1086615" startTime="2026-05-12T15:50:09.2056572+02:00" endTime="2026-05-12T15:50:09.3113159+02:00" testType="13cdc9d9-ddb5-4fa4-a97d-d965ccfc6d4b" outcome="Passed" testListId="8c84fa94-04c1-424b-9868-57a2d4851a1d" relativeResultsDirectory="ee799aba-3694-4ea5-8aa6-42b2fb248a6e" />
    <UnitTestResult executionId="c401d24e-78c2-490d-a835-e156b0a81d4f" testId="dc022e68-01a2-756e-8a1c-276d59b5548a" testName="DineOS.Tests.Unit.GenericRepositoryTests.DeleteAsync_NonExistentId_DoesNotThrow" computerName="ENDRIT" duration="00:00:00.0235687" startTime="2026-05-12T15:50:10.9306812+02:00" endTime="2026-05-12T15:50:10.9517752+02:00" testType="13cdc9d9-ddb5-4fa4-a97d-d965ccfc6d4b" outcome="Passed" testListId="8c84fa94-04c1-424b-9868-57a2d4851a1d" relativeResultsDirectory="c401d24e-78c2-490d-a835-e156b0a81d4f" />
    <UnitTestResult executionId="22df3e47-d610-4147-b145-f2987ea3420d" testId="e2b181f0-5432-b710-8906-7220f5ab7e01" testName="DineOS.Tests.Unit.MenuServiceTests.DeleteMenuItemAsync_Success_InvalidatesCache" computerName="ENDRIT" duration="00:00:00.0292493" startTime="2026-05-12T15:50:10.9660590+02:00" endTime="2026-05-12T15:50:10.9943095+02:00" testType="13cdc9d9-ddb5-4fa4-a97d-d965ccfc6d4b" outcome="Passed" testListId="8c84fa94-04c1-424b-9868-57a2d4851a1d" relativeResultsDirectory="22df3e47-d610-4147-b145-f2987ea3420d" />
    <UnitTestResult executionId="e4feded7-006b-40cf-925e-18497b017e84" testId="aac3bbd3-0aaf-4979-207d-0ef9985ba7ce" testName="DineOS.Tests.Integration.MenuItemImageUploadTests.UploadImage_PathTraversalFilename_IsSanitizedAndStoredSafely" computerName="ENDRIT" duration="00:00:00.0201269" startTime="2026-05-12T15:50:27.3653908+02:00" endTime="2026-05-12T15:50:27.3849505+02:00" testType="13cdc9d9-ddb5-4fa4-a97d-d965ccfc6d4b" outcome="Passed" testListId="8c84fa94-04c1-424b-9868-57a2d4851a1d" relativeResultsDirectory="e4feded7-006b-40cf-925e-18497b017e84" />
    <UnitTestResult executionId="d7864fcd-5889-40e0-b961-2017ee0ffab4" testId="cd0ee42e-58a1-d26b-201c-f64ce2f8cdf2" testName="DineOS.Tests.Unit.TenantIsolationMiddlewareTests.InvokeAsync_UnauthenticatedRequest_CallsNext" computerName="ENDRIT" duration="00:00:00.0015538" startTime="2026-05-12T15:50:09.2978013+02:00" endTime="2026-05-12T15:50:09.2979363+02:00" testType="13cdc9d9-ddb5-4fa4-a97d-d965ccfc6d4b" outcome="Passed" testListId="8c84fa94-04c1-424b-9868-57a2d4851a1d" relativeResultsDirectory="d7864fcd-5889-40e0-b961-2017ee0ffab4" />
    <UnitTestResult executionId="88796c61-1b91-4477-9a92-8faabf58b1fa" testId="20c49b85-2e8c-c40b-4a9d-95c4f8f2b0d8" testName="DineOS.Tests.Integration.StaffIntegrationTests.StaffEndpoints_NoToken_Returns401(method: &quot;PATCH&quot;, path: &quot;/api/v1/staff/1/active&quot;)" computerName="ENDRIT" duration="00:00:00.0038422" startTime="2026-05-12T15:50:25.6867493+02:00" endTime="2026-05-12T15:50:25.6900749+02:00" testType="13cdc9d9-ddb5-4fa4-a97d-d965ccfc6d4b" outcome="Passed" testListId="8c84fa94-04c1-424b-9868-57a2d4851a1d" relativeResultsDirectory="88796c61-1b91-4477-9a92-8faabf58b1fa" />
    <UnitTestResult executionId="d129b752-4eb7-4180-b842-9204c45ca9c0" testId="752ea5b0-fc9c-d1cf-d6ce-6515ff5b5d16" testName="DineOS.Tests.Unit.HttpContextTenantServiceTests.TenantId_ItemsContainLong_ReturnsThatValue" computerName="ENDRIT" duration="00:00:00.0067012" startTime="2026-05-12T15:50:09.1955476+02:00" endTime="2026-05-12T15:50:09.2002641+02:00" testType="13cdc9d9-ddb5-4fa4-a97d-d965ccfc6d4b" outcome="Passed" testListId="8c84fa94-04c1-424b-9868-57a2d4851a1d" relativeResultsDirectory="d129b752-4eb7-4180-b842-9204c45ca9c0" />
    <UnitTestResult executionId="a7e129ab-9b8d-4147-aad6-2c9d614f5955" testId="c0177e16-abca-f975-3049-935f4d34852b" testName="DineOS.Tests.Integration.StaffIntegrationTests.StaffWriteEndpoints_CashierRole_Returns403(method: &quot;PATCH&quot;, path: &quot;/api/v1/staff/99999/active&quot;)" computerName="ENDRIT" duration="00:00:00.0150334" startTime="2026-05-12T15:50:24.6723637+02:00" endTime="2026-05-12T15:50:24.6864783+02:00" testType="13cdc9d9-ddb5-4fa4-a97d-d965ccfc6d4b" outcome="Passed" testListId="8c84fa94-04c1-424b-9868-57a2d4851a1d" relativeResultsDirectory="a7e129ab-9b8d-4147-aad6-2c9d614f5955" />
    <UnitTestResult executionId="149bc053-d6fe-4344-8261-3c366b621547" testId="f86bc4d9-b07b-f3a5-6ccd-6ddbcac15106" testName="DineOS.Tests.Integration.AdminRestaurantsIntegrationTests.PatchStatus_NonExistentId_Returns404" computerName="ENDRIT" duration="00:00:00.0113028" startTime="2026-05-12T15:50:27.9383892+02:00" endTime="2026-05-12T15:50:27.9488953+02:00" testType="13cdc9d9-ddb5-4fa4-a97d-d965ccfc6d4b" outcome="Passed" testListId="8c84fa94-04c1-424b-9868-57a2d4851a1d" relativeResultsDirectory="149bc053-d6fe-4344-8261-3c366b621547" />
    <UnitTestResult executionId="2227dc37-b421-441e-a06b-2b84e1bd486f" testId="819e8f65-c6eb-39eb-b79d-ffe4e94c6352" testName="DineOS.Tests.Unit.AdminRestaurantServiceTests.UpdatePlanAsync_ChangesPlan" computerName="ENDRIT" duration="00:00:00.0068705" startTime="2026-05-12T15:50:10.9548104+02:00" endTime="2026-05-12T15:50:10.9588170+02:00" testType="13cdc9d9-ddb5-4fa4-a97d-d965ccfc6d4b" outcome="Passed" testListId="8c84fa94-04c1-424b-9868-57a2d4851a1d" relativeResultsDirectory="2227dc37-b421-441e-a06b-2b84e1bd486f" />
    <UnitTestResult executionId="a690a6ba-c9d3-4065-a70d-c3fcae9f24f4" testId="e36a5d27-1c59-6afc-3e05-10350f65a2f5" testName="DineOS.Tests.Unit.LocalFileStorageServiceTests.SaveAsync_SubfolderTraversal_ThrowsInvalidOperationException" computerName="ENDRIT" duration="00:00:00.0062596" startTime="2026-05-12T15:50:09.2201548+02:00" endTime="2026-05-12T15:50:09.2274319+02:00" testType="13cdc9d9-ddb5-4fa4-a97d-d965ccfc6d4b" outcome="Passed" testListId="8c84fa94-04c1-424b-9868-57a2d4851a1d" relativeResultsDirectory="a690a6ba-c9d3-4065-a70d-c3fcae9f24f4" />
    <UnitTestResult executionId="d4c66731-1fa3-4389-a34d-21e301e15748" testId="de951810-338d-d1f2-e580-8a03f7e3cb38" testName="DineOS.Tests.Integration.StaffIntegrationTests.PostStaff_MissingFullName_Returns400_WithValidationErrors" computerName="ENDRIT" duration="00:00:00.0489427" startTime="2026-05-12T15:50:25.7189721+02:00" endTime="2026-05-12T15:50:25.7670985+02:00" testType="13cdc9d9-ddb5-4fa4-a97d-d965ccfc6d4b" outcome="Passed" testListId="8c84fa94-04c1-424b-9868-57a2d4851a1d" relativeResultsDirectory="d4c66731-1fa3-4389-a34d-21e301e15748" />
    <UnitTestResult executionId="d90857ef-b770-42f7-953a-873d2a2f81de" testId="1bc8dd92-ef35-3920-627a-ca2b65755cf2" testName="DineOS.Tests.Unit.GenericRepositoryTests.GetByIdAsync_NonExistentId_ReturnsNull" computerName="ENDRIT" duration="00:00:00.0018296" startTime="2026-05-12T15:50:10.9981002+02:00" endTime="2026-05-12T15:50:10.9987495+02:00" testType="13cdc9d9-ddb5-4fa4-a97d-d965ccfc6d4b" outcome="Passed" testListId="8c84fa94-04c1-424b-9868-57a2d4851a1d" relativeResultsDirectory="d90857ef-b770-42f7-953a-873d2a2f81de" />
    <UnitTestResult executionId="b3e483e0-b4cf-4fa3-a7dc-fd04f6725d9a" testId="b4b8107e-400e-d80f-217f-46354e43fbb0" testName="DineOS.Tests.Unit.HealthServiceTests.GetStatusAsync_ReturnsHealthyStatus" computerName="ENDRIT" duration="00:00:00.0014383" startTime="2026-05-12T15:50:09.1583523+02:00" endTime="2026-05-12T15:50:09.1591502+02:00" testType="13cdc9d9-ddb5-4fa4-a97d-d965ccfc6d4b" outcome="Passed" testListId="8c84fa94-04c1-424b-9868-57a2d4851a1d" relativeResultsDirectory="b3e483e0-b4cf-4fa3-a7dc-fd04f6725d9a" />
    <UnitTestResult executionId="e1739d7a-0ba1-4c88-bc49-9f7765010291" testId="a9ba0b2d-8161-2811-be59-d264b5edeacf" testName="DineOS.Tests.Unit.ExceptionMiddlewareTests.InvokeAsync_KeyNotFoundException_Returns404WithMessage" computerName="ENDRIT" duration="00:00:00.0023979" startTime="2026-05-12T15:50:09.2695376+02:00" endTime="2026-05-12T15:50:09.2696447+02:00" testType="13cdc9d9-ddb5-4fa4-a97d-d965ccfc6d4b" outcome="Passed" testListId="8c84fa94-04c1-424b-9868-57a2d4851a1d" relativeResultsDirectory="e1739d7a-0ba1-4c88-bc49-9f7765010291" />
    <UnitTestResult executionId="ffb850d7-b25a-48a0-9db1-a08181c3d99e" testId="75681f7b-7abc-2a46-2c4b-13550ba4952c" testName="DineOS.Tests.Unit.StaffServiceTests.CreateStaffAsync_ValidRequest_ReturnsCreated" computerName="ENDRIT" duration="00:00:00.0026311" startTime="2026-05-12T15:50:11.0174570+02:00" endTime="2026-05-12T15:50:11.0183652+02:00" testType="13cdc9d9-ddb5-4fa4-a97d-d965ccfc6d4b" outcome="Passed" testListId="8c84fa94-04c1-424b-9868-57a2d4851a1d" relativeResultsDirectory="ffb850d7-b25a-48a0-9db1-a08181c3d99e" />
    <UnitTestResult executionId="1c182bf9-506e-4cf3-9ee6-9f1921f3002b" testId="16e9f78c-19d6-0670-c704-2e1c2ca1f5ea" testName="DineOS.Tests.Integration.AdminRestaurantsIntegrationTests.GetRestaurant_SeededId_Returns200WithCorrectDto" computerName="ENDRIT" duration="00:00:00.0109764" startTime="2026-05-12T15:50:27.8708618+02:00" endTime="2026-05-12T15:50:27.8806656+02:00" testType="13cdc9d9-ddb5-4fa4-a97d-d965ccfc6d4b" outcome="Passed" testListId="8c84fa94-04c1-424b-9868-57a2d4851a1d" relativeResultsDirectory="1c182bf9-506e-4cf3-9ee6-9f1921f3002b" />
    <UnitTestResult executionId="dc1bcd71-45e3-4c49-af3d-be100a0a93bc" testId="fd45de83-cd59-ecc4-e107-6fd1ac07ca11" testName="DineOS.Tests.Integration.AdminRestaurantsIntegrationTests.PatchStatus_SuspendAndReactivate_Returns200WithUpdatedStatus" computerName="ENDRIT" duration="00:00:00.1048391" startTime="2026-05-12T15:50:27.6427791+02:00" endTime="2026-05-12T15:50:27.7468996+02:00" testType="13cdc9d9-ddb5-4fa4-a97d-d965ccfc6d4b" outcome="Passed" testListId="8c84fa94-04c1-424b-9868-57a2d4851a1d" relativeResultsDirectory="dc1bcd71-45e3-4c49-af3d-be100a0a93bc" />
    <UnitTestResult executionId="1e1dfe27-7092-4a54-81f4-daec908b4b6a" testId="38c56530-b80c-8728-7694-ced7b8ce6637" testName="DineOS.Tests.Integration.PaymentsIntegrationTests.ProcessPayment_OrderAlreadyDelivered_Returns422" computerName="ENDRIT" duration="00:00:00.0164477" startTime="2026-05-12T15:50:26.8993768+02:00" endTime="2026-05-12T15:50:26.9144195+02:00" testType="13cdc9d9-ddb5-4fa4-a97d-d965ccfc6d4b" outcome="Passed" testListId="8c84fa94-04c1-424b-9868-57a2d4851a1d" relativeResultsDirectory="1e1dfe27-7092-4a54-81f4-daec908b4b6a" />
    <UnitTestResult executionId="bb7dc06c-35c7-4d33-9095-78947779f441" testId="b4097377-5756-f8ef-6609-10730b1ddf57" testName="DineOS.Tests.Unit.GenericRepositoryTests.FindAsync_ReturnsOnlyMatchingEntities" computerName="ENDRIT" duration="00:00:00.0132986" startTime="2026-05-12T15:50:11.0030576+02:00" endTime="2026-05-12T15:50:11.0152953+02:00" testType="13cdc9d9-ddb5-4fa4-a97d-d965ccfc6d4b" outcome="Passed" testListId="8c84fa94-04c1-424b-9868-57a2d4851a1d" relativeResultsDirectory="bb7dc06c-35c7-4d33-9095-78947779f441" />
    <UnitTestResult executionId="b789e72f-c743-42be-a5a6-c1e7f9b2e7bf" testId="ae8c7954-480c-ea37-1828-19cae5c386bb" testName="DineOS.Tests.Unit.KeycloakRolesTransformationTests.TransformAsync_DuplicateRole_NotAddedTwice" computerName="ENDRIT" duration="00:00:00.0253369" startTime="2026-05-12T15:50:09.0582604+02:00" endTime="2026-05-12T15:50:09.0645400+02:00" testType="13cdc9d9-ddb5-4fa4-a97d-d965ccfc6d4b" outcome="Passed" testListId="8c84fa94-04c1-424b-9868-57a2d4851a1d" relativeResultsDirectory="b789e72f-c743-42be-a5a6-c1e7f9b2e7bf" />
    <UnitTestResult executionId="225d1f86-3ac0-4954-8945-4e0960018e01" testId="859ac41d-d2f7-b805-a54c-ac3006a31645" testName="DineOS.Tests.Unit.KeycloakRolesTransformationTests.TransformAsync_MalformedRealmAccessJson_ReturnsPrincipalUnchanged" computerName="ENDRIT" duration="00:00:00.0044731" startTime="2026-05-12T15:50:09.1165691+02:00" endTime="2026-05-12T15:50:09.1215041+02:00" testType="13cdc9d9-ddb5-4fa4-a97d-d965ccfc6d4b" outcome="Passed" testListId="8c84fa94-04c1-424b-9868-57a2d4851a1d" relativeResultsDirectory="225d1f86-3ac0-4954-8945-4e0960018e01" />
    <UnitTestResult executionId="e2e65bc2-c176-433e-a210-d7cd6b4321ca" testId="05db8feb-082b-3276-5ef2-1ad3a22a562b" testName="DineOS.Tests.Integration.StaffIntegrationTests.StaffWriteEndpoints_CashierRole_Returns403(method: &quot;PUT&quot;, path: &quot;/api/v1/staff/99999&quot;)" computerName="ENDRIT" duration="00:00:00.0033604" startTime="2026-05-12T15:50:24.6931755+02:00" endTime="2026-05-12T15:50:24.6964288+02:00" testType="13cdc9d9-ddb5-4fa4-a97d-d965ccfc6d4b" outcome="Passed" testListId="8c84fa94-04c1-424b-9868-57a2d4851a1d" relativeResultsDirectory="e2e65bc2-c176-433e-a210-d7cd6b4321ca" />
    <UnitTestResult executionId="bcf87f25-4610-4bee-8d36-efb1d582d66d" testId="126f5f5a-3e97-f972-2f4f-2d7d1745af38" testName="DineOS.Tests.Unit.TenantIsolationMiddlewareTests.InvokeAsync_NonNumericTenantIdClaim_Returns403" computerName="ENDRIT" duration="00:00:00.0013265" startTime="2026-05-12T15:50:09.2945480+02:00" endTime="2026-05-12T15:50:09.2947189+02:00" testType="13cdc9d9-ddb5-4fa4-a97d-d965ccfc6d4b" outcome="Passed" testListId="8c84fa94-04c1-424b-9868-57a2d4851a1d" relativeResultsDirectory="bcf87f25-4610-4bee-8d36-efb1d582d66d" />
    <UnitTestResult executionId="9c5eaff5-3929-4a7e-919b-edcc5caaa4c6" testId="6fd10cc6-7949-b3fb-5e93-9573bf16abf3" testName="DineOS.Tests.Integration.RbacAuthorizationTests.KitchenStaff_OtherRoleEndpoints_Returns403(method: &quot;GET&quot;, path: &quot;/api/v1/shifts&quot;)" computerName="ENDRIT" duration="00:00:00.0062298" startTime="2026-05-12T15:50:26.3387668+02:00" endTime="2026-05-12T15:50:26.3435899+02:00" testType="13cdc9d9-ddb5-4fa4-a97d-d965ccfc6d4b" outcome="Passed" testListId="8c84fa94-04c1-424b-9868-57a2d4851a1d" relativeResultsDirectory="9c5eaff5-3929-4a7e-919b-edcc5caaa4c6" />
    <UnitTestResult executionId="ac4682a2-058a-41dc-aa70-d63d37494a59" testId="6b39d900-6cc1-f310-8a5b-c119aea3bf60" testName="DineOS.Tests.Unit.HttpContextTenantServiceTests.TenantId_ItemsValueIsWrongType_ReturnsNull" computerName="ENDRIT" duration="00:00:00.0030866" startTime="2026-05-12T15:50:09.1918797+02:00" endTime="2026-05-12T15:50:09.1941099+02:00" testType="13cdc9d9-ddb5-4fa4-a97d-d965ccfc6d4b" outcome="Passed" testListId="8c84fa94-04c1-424b-9868-57a2d4851a1d" relativeResultsDirectory="ac4682a2-058a-41dc-aa70-d63d37494a59" />
    <UnitTestResult executionId="c507ffde-a9f1-402e-be8e-8356ccc9896d" testId="de8a1799-c959-7947-3d68-cd6d673c76b0" testName="DineOS.Tests.Common.ApiResponseTests.Result_Failure_HasError" computerName="ENDRIT" duration="00:00:00.0025886" startTime="2026-05-12T15:50:09.1086623+02:00" endTime="2026-05-12T15:50:09.1091921+02:00" testType="13cdc9d9-ddb5-4fa4-a97d-d965ccfc6d4b" outcome="Passed" testListId="8c84fa94-04c1-424b-9868-57a2d4851a1d" relativeResultsDirectory="c507ffde-a9f1-402e-be8e-8356ccc9896d" />
    <UnitTestResult executionId="93562cd4-88ef-4cc9-9fbf-76e1f382369d" testId="aa607dcb-0909-62c1-3f5b-5349586526f2" testName="DineOS.Tests.Unit.TenantIsolationMiddlewareTests.InvokeAsync_HeaderMatchesJwt_CallsNext" computerName="ENDRIT" duration="00:00:00.0032161" startTime="2026-05-12T15:50:09.2895300+02:00" endTime="2026-05-12T15:50:09.2897149+02:00" testType="13cdc9d9-ddb5-4fa4-a97d-d965ccfc6d4b" outcome="Passed" testListId="8c84fa94-04c1-424b-9868-57a2d4851a1d" relativeResultsDirectory="93562cd4-88ef-4cc9-9fbf-76e1f382369d" />
    <UnitTestResult executionId="3533703a-fb40-42ce-baee-44606c52c35f" testId="a6290994-f039-cbd0-b54b-f29adc64425f" testName="DineOS.Tests.Integration.RbacAuthorizationTests.KitchenStaff_OtherRoleEndpoints_Returns403(method: &quot;GET&quot;, path: &quot;/api/v1/staff&quot;)" computerName="ENDRIT" duration="00:00:00.0026377" startTime="2026-05-12T15:50:26.3580389+02:00" endTime="2026-05-12T15:50:26.3600686+02:00" testType="13cdc9d9-ddb5-4fa4-a97d-d965ccfc6d4b" outcome="Passed" testListId="8c84fa94-04c1-424b-9868-57a2d4851a1d" relativeResultsDirectory="3533703a-fb40-42ce-baee-44606c52c35f" />
[...]
[15:50:27 INF] HTTP POST /api/v1/menu/items/3/image responded 400 in 8.3872 ms {"CorrelationId": "3cf995d2edcb43409c127f34a3273724", "TenantId": 902, "UserId": null, "UserAgent": "", "SourceContext": "Serilog.AspNetCore.RequestLoggingMiddleware", "RequestId": "0HNLG5LGQLHHQ", "MachineName": "ENDRIT", "Application": "DineOS.Api"}&#xD;
[15:50:27 INF] Menu item image uploaded: MenuItemId=4 TenantId=908 ActorUserId=test-manager {"SourceContext": "DineOS.Infrastructure.Services.MenuService", "ActionId": "4dabbe4a-34ef-44d2-b354-142edefc8d6d", "ActionName": "DineOS.Api.Controllers.MenuController.UploadMenuItemImage (DineOS.Api)", "RequestId": "0HNLG5LGQLHHR", "RequestPath": "/api/v1/menu/items/4/image", "CorrelationId": "35c397e9569f4a0faf52791fa4d13810", "MachineName": "ENDRIT", "Application": "DineOS.Api"}&#xD;
[15:50:27 INF] HTTP POST /api/v1/menu/items/4/image responded 200 in 10.1152 ms {"CorrelationId": "35c397e9569f4a0faf52791fa4d13810", "TenantId": 908, "UserId": null, "UserAgent": "", "SourceContext": "Serilog.AspNetCore.RequestLoggingMiddleware", "RequestId": "0HNLG5LGQLHHR", "MachineName": "ENDRIT", "Application": "DineOS.Api"}&#xD;
[15:50:27 INF] HTTP POST /api/v1/menu/items/5/image responded 400 in 2.4320 ms {"CorrelationId": "d81bcfb3092745aabb96db2c6ccae383", "TenantId": 904, "UserId": null, "UserAgent": "", "SourceContext": "Serilog.AspNetCore.RequestLoggingMiddleware", "RequestId": "0HNLG5LGQLHHS", "MachineName": "ENDRIT", "Application": "DineOS.Api"}&#xD;
[15:50:27 INF] HTTP POST /api/v1/menu/items/1/image responded 403 in 0.9053 ms {"CorrelationId": "8329d38b14684d40ba288fa6bb941cf6", "TenantId": null, "UserId": null, "UserAgent": "", "SourceContext": "Serilog.AspNetCore.RequestLoggingMiddleware", "RequestId": "0HNLG5LGQLHHT", "MachineName": "ENDRIT", "Application": "DineOS.Api"}&#xD;
[15:50:27 INF] HTTP POST /api/v1/menu/items/99999/image responded 404 in 6.0420 ms {"CorrelationId": "f83da464259e4e52b2be8a0d2ebfe9df", "TenantId": 905, "UserId": null, "UserAgent": "", "SourceContext": "Serilog.AspNetCore.RequestLoggingMiddleware", "RequestId": "0HNLG5LGQLHHU", "MachineName": "ENDRIT", "Application": "DineOS.Api"}&#xD;
[15:50:27 INF] HTTP GET /api/v1/admin/users responded 403 in 0.9689 ms {"CorrelationId": "a6aa4ebf195342978d7219f88816d590", "TenantId": null, "UserId": null, "UserAgent": "", "SourceContext": "Serilog.AspNetCore.RequestLoggingMiddleware", "RequestId": "0HNLG5LGQLHHV", "MachineName": "ENDRIT", "Application": "DineOS.Api"}&#xD;
[15:50:27 INF] HTTP GET /api/v1/admin/users responded 403 in 0.5129 ms {"CorrelationId": "7b631de9a7ec4275af9da35c33ef0506", "TenantId": null, "UserId": null, "UserAgent": "", "SourceContext": "Serilog.AspNetCore.RequestLoggingMiddleware", "RequestId": "0HNLG5LGQLHI0", "MachineName": "ENDRIT", "Application": "DineOS.Api"}&#xD;
[15:50:27 INF] HTTP GET /api/v1/admin/users responded 403 in 0.8669 ms {"CorrelationId": "943ec45418ef4846bd1b48ddbbd4c146", "TenantId": null, "UserId": null, "UserAgent": "", "SourceContext": "Serilog.AspNetCore.RequestLoggingMiddleware", "RequestId": "0HNLG5LGQLHI1", "MachineName": "ENDRIT", "Application": "DineOS.Api"}&#xD;
[15:50:27 INF] HTTP GET /api/v1/me responded 401 in 0.6793 ms {"CorrelationId": "d668aa30e688403caa0d9dc213eaa714", "TenantId": null, "UserId": null, "UserAgent": "", "SourceContext": "Serilog.AspNetCore.RequestLoggingMiddleware", "RequestId": "0HNLG5LGQLHI2", "MachineName": "ENDRIT", "Application": "DineOS.Api"}&#xD;
[15:50:27 INF] HTTP GET /test/secure responded 200 in 4.2330 ms {"CorrelationId": "1d47c0c39d6f4c528b3e37b412567f6b", "TenantId": 1, "UserId": null, "UserAgent": "", "SourceContext": "Serilog.AspNetCore.RequestLoggingMiddleware", "RequestId": "0HNLG5LGQLHI3", "MachineName": "ENDRIT", "Application": "DineOS.Api"}&#xD;
[15:50:27 INF] HTTP GET /api/v1/health responded 200 in 15.4096 ms {"CorrelationId": "7bca69e04a79462b9df2c5ff1b82bd75", "TenantId": null, "UserId": null, "UserAgent": "", "SourceContext": "Serilog.AspNetCore.RequestLoggingMiddleware", "RequestId": "0HNLG5LGQLHI4", "MachineName": "ENDRIT", "Application": "DineOS.Api"}&#xD;
[15:50:27 ERR] HTTP POST /test/validate responded 500 in 4.7488 ms {"CorrelationId": "01a163e484314b319159a58bf348f3a6", "TenantId": null, "UserId": null, "UserAgent": "", "SourceContext": "Serilog.AspNetCore.RequestLoggingMiddleware", "RequestId": "0HNLG5LGQLHI5", "MachineName": "ENDRIT", "Application": "DineOS.Api"}&#xD;
System.ArgumentException: Name is required&#xD;
   at lambda_method1455(Closure, Object, Object[])&#xD;
   at Microsoft.AspNetCore.Mvc.Infrastructure.ActionMethodExecutor.SyncActionResultExecutor.Execute(ActionContext actionContext, IActionResultTypeMapper mapper, ObjectMethodExecutor executor, Object controller, Object[] arguments)&#xD;
   at Microsoft.AspNetCore.Mvc.Infrastructure.ControllerActionInvoker.InvokeActionMethodAsync()&#xD;
   at Microsoft.AspNetCore.Mvc.Infrastructure.ControllerActionInvoker.Next(State&amp; next, Scope&amp; scope, Object&amp; state, Boolean&amp; isCompleted)&#xD;
   at Microsoft.AspNetCore.Mvc.Infrastructure.ControllerActionInvoker.InvokeNextActionFilterAsync()&#xD;
--- End of stack trace from previous location ---&#xD;
   at Microsoft.AspNetCore.Mvc.Infrastructure.ControllerActionInvoker.Rethrow(ActionExecutedContextSealed context)&#xD;
   at Microsoft.AspNetCore.Mvc.Infrastructure.ControllerActionInvoker.Next(State&amp; next, Scope&amp; scope, Object&amp; state, Boolean&amp; isCompleted)&#xD;
   at Microsoft.AspNetCore.Mvc.Infrastructure.ControllerActionInvoker.InvokeInnerFilterAsync()&#xD;
--- End of stack trace from previous location ---&#xD;
   at Microsoft.AspNetCore.Mvc.Infrastructure.ResourceInvoker.&lt;InvokeFilterPipelineAsync&gt;g__Awaited|20_0(ResourceInvoker invoker, Task lastTask, State next, Scope scope, Object state, Boolean isCompleted)&#xD;
   at Microsoft.AspNetCore.Mvc.Infrastructure.ResourceInvoker.&lt;InvokeAsync&gt;g__Awaited|17_0(ResourceInvoker invoker, Task task, IDisposable scope)&#xD;
   at Microsoft.AspNetCore.Mvc.Infrastructure.ResourceInvoker.&lt;InvokeAsync&gt;g__Awaited|17_0(ResourceInvoker invoker, Task task, IDisposable scope)&#xD;
   at DineOS.Api.Middleware.TenantIsolationMiddleware.InvokeAsync(HttpContext context) in C:\Users\erion\source\repos\dineOS\backend\src\DineOS.Api\Middleware\TenantIsolationMiddleware.cs:line 17&#xD;
   at Microsoft.AspNetCore.Authorization.AuthorizationMiddleware.Invoke(HttpContext context)&#xD;
   at Microsoft.AspNetCore.Authentication.AuthenticationMiddleware.Invoke(HttpContext context)&#xD;
   at Microsoft.AspNetCore.Diagnostics.StatusCodePagesMiddleware.Invoke(HttpContext context)&#xD;
   at Serilog.AspNetCore.RequestLoggingMiddleware.Invoke(HttpContext httpContext)&#xD;
[15:50:27 ERR] Unhandled exception: Name is required {"SourceContext": "DineOS.Api.Middleware.ExceptionMiddleware", "RequestId": "0HNLG5LGQLHI5", "RequestPath": "/test/validate", "CorrelationId": "01a163e484314b319159a58bf348f3a6", "MachineName": "ENDRIT", "Application": "DineOS.Api"}&#xD;
System.ArgumentException: Name is required&#xD;
   at lambda_method1455(Closure, Object, Object[])&#xD;
   at Microsoft.AspNetCore.Mvc.Infrastructure.ActionMethodExecutor.SyncActionResultExecutor.Execute(ActionContext actionContext, IActionResultTypeMapper mapper, ObjectMethodExecutor executor, Object controller, Object[] arguments)&#xD;
   at Microsoft.AspNetCore.Mvc.Infrastructure.ControllerActionInvoker.InvokeActionMethodAsync()&#xD;
   at Microsoft.AspNetCore.Mvc.Infrastructure.ControllerActionInvoker.Next(State&amp; next, Scope&amp; scope, Object&amp; state, Boolean&amp; isCompleted)&#xD;
   at Microsoft.AspNetCore.Mvc.Infrastructure.ControllerActionInvoker.InvokeNextActionFilterAsync()&#xD;
--- End of stack trace from previous location ---&#xD;
   at Microsoft.AspNetCore.Mvc.Infrastructure.ControllerActionInvoker.Rethrow(ActionExecutedContextSealed context)&#xD;
   at Microsoft.AspNetCore.Mvc.Infrastructure.ControllerActionInvoker.Next(State&amp; next, Scope&amp; scope, Object&amp; state, Boolean&amp; isCompleted)&#xD;
   at Microsoft.AspNetCore.Mvc.Infrastructure.ControllerActionInvoker.InvokeInnerFilterAsync()&#xD;
--- End of stack trace from previous location ---&#xD;
   at Microsoft.AspNetCore.Mvc.Infrastructure.ResourceInvoker.&lt;InvokeFilterPipelineAsync&gt;g__Awaited|20_0(ResourceInvoker invoker, Task lastTask, State next, Scope scope, Object state, Boolean isCompleted)&#xD;
   at Microsoft.AspNetCore.Mvc.Infrastructure.ResourceInvoker.&lt;InvokeAsync&gt;g__Awaited|17_0(ResourceInvoker invoker, Task task, IDisposable scope)&#xD;
   at Microsoft.AspNetCore.Mvc.Infrastructure.ResourceInvoker.&lt;InvokeAsync&gt;g__Awaited|17_0(ResourceInvoker invoker, Task task, IDisposable scope)&#xD;
   at DineOS.Api.Middleware.TenantIsolationMiddleware.InvokeAsync(HttpContext context) in C:\Users\erion\source\repos\dineOS\backend\src\DineOS.Api\Middleware\TenantIsolationMiddleware.cs:line 17&#xD;
   at Microsoft.AspNetCore.Authorization.AuthorizationMiddleware.Invoke(HttpContext context)&#xD;
   at Microsoft.AspNetCore.Authentication.AuthenticationMiddleware.Invoke(HttpContext context)&#xD;
   at Microsoft.AspNetCore.Diagnostics.StatusCodePagesMiddleware.Invoke(HttpContext context)&#xD;
   at Serilog.AspNetCore.RequestLoggingMiddleware.Invoke(HttpContext httpContext)&#xD;
   at DineOS.Api.Middleware.ExceptionMiddleware.InvokeAsync(HttpContext context) in C:\Users\erion\source\repos\dineOS\backend\src\DineOS.Api\Middleware\ExceptionMiddleware.cs:line 13&#xD;
[15:50:27 INF] HTTP GET /api/v1/me responded 401 in 0.5795 ms {"CorrelationId": "ba1f6e30e5d44011897f186915995be9", "TenantId": null, "UserId": null, "UserAgent": "", "SourceContext": "Serilog.AspNetCore.RequestLoggingMiddleware", "RequestId": "0HNLG5LGQLHI6", "MachineName": "ENDRIT", "Application": "DineOS.Api"}&#xD;
[15:50:27 INF] HTTP GET /test/secure responded 401 in 0.4954 ms {"CorrelationId": "20fa4ffaa249436bbbac39d5727e0d73", "TenantId": null, "UserId": null, "UserAgent": "", "SourceContext": "Serilog.AspNetCore.RequestLoggingMiddleware", "RequestId": "0HNLG5LGQLHI7", "MachineName": "ENDRIT", "Application": "DineOS.Api"}&#xD;
[15:50:27 INF] HTTP GET /test/fallback-protected responded 401 in 0.6222 ms {"CorrelationId": "3076c3777c9b40baad4854e69afbdff1", "TenantId": null, "UserId": null, "UserAgent": "", "SourceContext": "Serilog.AspNetCore.RequestLoggingMiddleware", "RequestId": "0HNLG5LGQLHI8", "MachineName": "ENDRIT", "Application": "DineOS.Api"}&#xD;
[15:50:27 INF] HTTP GET /api/v1/me responded 200 in 6.6339 ms {"CorrelationId": "b9b93964004142d5bbb6042cd352cf7c", "TenantId": 1, "UserId": null, "UserAgent": "", "SourceContext": "Serilog.AspNetCore.RequestLoggingMiddleware", "RequestId": "0HNLG5LGQLHI9", "MachineName": "ENDRIT", "Application": "DineOS.Api"}&#xD;
[15:50:27 INF] HTTP GET /api/v1/admin/restaurants responded 200 in 80.8472 ms {"CorrelationId": "440c4aec2c79452b9d99440f268bd796", "TenantId": null, "UserId": null, "UserAgent": "", "SourceContext": "Serilog.AspNetCore.RequestLoggingMiddleware", "RequestId": "0HNLG5LGQLHIA", "MachineName": "ENDRIT", "Application": "DineOS.Api"}&#xD;
[15:50:27 INF] HTTP GET /api/v1/admin/restaurants responded 401 in 0.6826 ms {"CorrelationId": "4ee0f5f30e204034b8d3f7f1ba2c8b46", "TenantId": null, "UserId": null, "UserAgent": "", "SourceContext": "Serilog.AspNetCore.RequestLoggingMiddleware", "RequestId": "0HNLG5LGQLHIB", "MachineName": "ENDRIT", "Application": "DineOS.Api"}&#xD;
[15:50:27 INF] HTTP PATCH /api/v1/admin/restaurants/1/status responded 400 in 16.3437 ms {"CorrelationId": "35de490c1ef1438ab3930c4e8fc556d3", "TenantId": null, "UserId": null, "UserAgent": "", "SourceContext": "Serilog.AspNetCore.RequestLoggingMiddleware", "RequestId": "0HNLG5LGQLHIC", "MachineName": "ENDRIT", "Application": "DineOS.Api"}&#xD;
[15:50:27 INF] Restaurant status changed: RestaurantId=1 Previous=Active Current=Suspended ActorUserId=test-superadmin {"SourceContext": "DineOS.Infrastructure.Services.AdminRestaurantService", "ActionId": "9aadb2bb-9adf-46d6-bb07-07f983dfb77f", "ActionName": "DineOS.Api.Controllers.AdminRestaurantsController.UpdateStatus (DineOS.Api)", "RequestId": "0HNLG5LGQLHID", "RequestPath": "/api/v1/admin/restaurants/1/status", "CorrelationId": "40344eca89124386bafe85ff60687e50", "MachineName": "ENDRIT", "Application": "DineOS.Api"}&#xD;
[15:50:27 INF] HTTP PATCH /api/v1/admin/restaurants/1/status responded 200 in 85.4395 ms {"CorrelationId": "40344eca89124386bafe85ff60687e50", "TenantId": null, "UserId": null, "UserAgent": "", "SourceContext": "Serilog.AspNetCore.RequestLoggingMiddleware", "RequestId": "0HNLG5LGQLHID", "MachineName": "ENDRIT", "Application": "DineOS.Api"}&#xD;
[15:50:27 INF] Restaurant status changed: RestaurantId=1 Previous=Suspended Current=Active ActorUserId=test-superadmin {"SourceContext": "DineOS.Infrastructure.Services.AdminRestaurantService", "ActionId": "9aadb2bb-9adf-46d6-bb07-07f983dfb77f", "ActionName": "DineOS.Api.Controllers.AdminRestaurantsController.UpdateStatus (DineOS.Api)", "RequestId": "0HNLG5LGQLHIE", "RequestPath": "/api/v1/admin/restaurants/1/status", "CorrelationId": "9bcd59964a124324b3d93b528db4797b", "MachineName": "ENDRIT", "Application": "DineOS.Api"}&#xD;
[15:50:27 INF] HTTP PATCH /api/v1/admin/restaurants/1/status responded 200 in 10.3583 ms {"CorrelationId": "9bcd59964a124324b3d93b528db4797b", "TenantId": null, "UserId": null, "UserAgent": "", "SourceContext": "Serilog.AspNetCore.RequestLoggingMiddleware", "RequestId": "0HNLG5LGQLHIE", "MachineName": "ENDRIT", "Application": "DineOS.Api"}&#xD;
[15:50:27 INF] HTTP PATCH /api/v1/admin/restaurants/1/plan responded 400 in 18.1546 ms {"CorrelationId": "0098181ee0d34676ad690faab513e73a", "TenantId": null, "UserId": null, "UserAgent": "", "SourceContext": "Serilog.AspNetCore.RequestLoggingMiddleware", "RequestId": "0HNLG5LGQLHIF", "MachineName": "ENDRIT", "Application": "DineOS.Api"}&#xD;
[15:50:27 INF] Restaurant created: RestaurantId=2 Slug=test-restaurant-941e68ae525449668df46045c614f1f3 Plan=Free ActorUserId=test-superadmin {"SourceContext": "DineOS.Infrastructure.Services.AdminRestaurantService", "ActionId": "317a6507-6081-4da5-872b-82d985a67af1", "ActionName": "DineOS.Api.Controllers.AdminRestaurantsController.CreateRestaurant (DineOS.Api)", "RequestId": "0HNLG5LGQLHIG", "RequestPath": "/api/v1/admin/restaurants", "CorrelationId": "1a037a53de5842bd8f523e625027d322", "MachineName": "ENDRIT", "Application": "DineOS.Api"}&#xD;
[15:50:27 INF] HTTP POST /api/v1/admin/restaurants responded 201 in 26.6061 ms {"CorrelationId": "1a037a53de5842bd8f523e625027d322", "TenantId": null, "UserId": null, "UserAgent": "", "SourceContext": "Serilog.AspNetCore.RequestLoggingMiddleware", "RequestId": "0HNLG5LGQLHIG", "MachineName": "ENDRIT", "Application": "DineOS.Api"}&#xD;
[15:50:27 INF] HTTP GET /api/v1/admin/restaurants/99999 responded 404 in 26.7617 ms {"CorrelationId": "e513459b9c584684810885bb512a6094", "TenantId": null, "UserId": null, "UserAgent": "", "SourceContext": "Serilog.AspNetCore.RequestLoggingMiddleware", "RequestId": "0HNLG5LGQLHIH", "MachineName": "ENDRIT", "Application": "DineOS.Api"}&#xD;
[15:50:27 INF] HTTP POST /api/v1/admin/restaurants responded 400 in 2.8489 ms {"CorrelationId": "19883d2507f4475da260666a841f8edb", "TenantId": null, "UserId": null, "UserAgent": "", "SourceContext": "Serilog.AspNetCore.RequestLoggingMiddleware", "RequestId": "0HNLG5LGQLHII", "MachineName": "ENDRIT", "Application": "DineOS.Api"}&#xD;
[15:50:27 INF] HTTP POST /api/v1/admin/restaurants responded 400 in 2.2705 ms {"CorrelationId": "e4a540c720884d8b85bbf8f14f25b24e", "TenantId": null, "UserId": null, "UserAgent": "", "SourceContext": "Serilog.AspNetCore.RequestLoggingMiddleware", "RequestId": "0HNLG5LGQLHIJ", "MachineName": "ENDRIT", "Application": "DineOS.Api"}&#xD;
[15:50:27 INF] HTTP PATCH /api/v1/admin/restaurants/99999/plan responded 404 in 6.9287 ms {"CorrelationId": "1c6b759e05b94c099edb13bd59f6dff6", "TenantId": null, "UserId": null, "UserAgent": "", "SourceContext": "Serilog.AspNetCore.RequestLoggingMiddleware", "RequestId": "0HNLG5LGQLHIK", "MachineName": "ENDRIT", "Application": "DineOS.Api"}&#xD;
[15:50:27 INF] HTTP GET /api/v1/admin/restaurants/1 responded 200 in 6.6100 ms {"CorrelationId": "8c1f3cc19ac545858fd505cbf0e2cb0f", "TenantId": null, "UserId": null, "UserAgent": "", "SourceContext": "Serilog.AspNetCore.RequestLoggingMiddleware", "RequestId": "0HNLG5LGQLHIL", "MachineName": "ENDRIT", "Application": "DineOS.Api"}&#xD;
[15:50:27 INF] HTTP GET /api/v1/admin/restaurants responded 403 in 0.8366 ms {"CorrelationId": "ec567a3e35704574b95f221a11d78107", "TenantId": null, "UserId": null, "UserAgent": "", "SourceContext": "Serilog.AspNetCore.RequestLoggingMiddleware", "RequestId": "0HNLG5LGQLHIM", "MachineName": "ENDRIT", "Application": "DineOS.Api"}&#xD;
[15:50:27 INF] HTTP GET /api/v1/admin/restaurants responded 200 in 20.9500 ms {"CorrelationId": "767d2039dc4141e6b942d8d254c69965", "TenantId": null, "UserId": null, "UserAgent": "", "SourceContext": "Serilog.AspNetCore.RequestLoggingMiddleware", "RequestId": "0HNLG5LGQLHIN", "MachineName": "ENDRIT", "Application": "DineOS.Api"}&#xD;
[15:50:27 INF] Restaurant plan changed: RestaurantId=1 Previous=Pro Current=Free ActorUserId=test-superadmin {"SourceContext": "DineOS.Infrastructure.Services.AdminRestaurantService", "ActionId": "812d6c8f-0b7e-478d-be6f-d9eedf8d8f99", "ActionName": "DineOS.Api.Controllers.AdminRestaurantsController.UpdatePlan (DineOS.Api)", "RequestId": "0HNLG5LGQLHIO", "RequestPath": "/api/v1/admin/restaurants/1/plan", "CorrelationId": "5905e00f1ca846c093697649e84438c7", "MachineName": "ENDRIT", "Application": "DineOS.Api"}&#xD;
[15:50:27 INF] HTTP PATCH /api/v1/admin/restaurants/1/plan responded 200 in 9.9353 ms {"CorrelationId": "5905e00f1ca846c093697649e84438c7", "TenantId": null, "UserId": null, "UserAgent": "", "SourceContext": "Serilog.AspNetCore.RequestLoggingMiddleware", "RequestId": "0HNLG5LGQLHIO", "MachineName": "ENDRIT", "Application": "DineOS.Api"}&#xD;
[15:50:27 INF] HTTP POST /api/v1/admin/restaurants responded 400 in 2.2552 ms {"CorrelationId": "43902c2a92914c0fba6cb171a8e8ec24", "TenantId": null, "UserId": null, "UserAgent": "", "SourceContext": "Serilog.AspNetCore.RequestLoggingMiddleware", "RequestId": "0HNLG5LGQLHIP", "MachineName": "ENDRIT", "Application": "DineOS.Api"}&#xD;
[15:50:27 INF] HTTP PATCH /api/v1/admin/restaurants/99999/status responded 404 in 6.9707 ms {"CorrelationId": "b14b06d41a984f28a9b5ae77e0b20a83", "TenantId": null, "UserId": null, "UserAgent": "", "SourceContext": "Serilog.AspNetCore.RequestLoggingMiddleware", "RequestId": "0HNLG5LGQLHIQ", "MachineName": "ENDRIT", "Application": "DineOS.Api"}&#xD;
[15:50:27 INF] HTTP GET /api/v1/admin/restaurants responded 200 in 10.6062 ms {"CorrelationId": "7d7df72a0c9740dcb28f3fdec86477c3", "TenantId": null, "UserId": null, "UserAgent": "", "SourceContext": "Serilog.AspNetCore.RequestLoggingMiddleware", "RequestId": "0HNLG5LGQLHIR", "MachineName": "ENDRIT", "Application": "DineOS.Api"}&#xD;
[testcontainers.org 00:00:18.61] Delete Docker container e99161bed697&#xD;
[15:50:28 ERR] Not connected to Redis. {"EventId": {"Id": 7, "Name": "NotConnected"}, "SourceContext": "Microsoft.AspNetCore.SignalR.StackExchangeRedis.RedisHubLifetimeManager", "MachineName": "ENDRIT", "Application": "DineOS.Api"}&#xD;
[xUnit.net 00:00:20.27]   Finished:    DineOS.Tests&#xD;
</StdOut>
    </Output>
    <CollectorDataEntries>
      <Collector agentName="ENDRIT" uri="datacollector://microsoft/CoverletCodeCoverage/1.0" collectorDisplayName="XPlat code coverage">
        <UriAttachments>
          <UriAttachment>
            <A href="ENDRIT\coverage.cobertura.xml"></A>
          </UriAttachment>
        </UriAttachments>
      </Collector>
    </CollectorDataEntries>
  </ResultSummary>
</TestRun>